<?xml version="1.0" encoding="UTF-8"?>
<!-- Generated by org.testng.reporters.JUnitXMLReporter -->
<testsuite ignored="0" hostname="DESKTOP-FGAD874" failures="1" tests="1" name="SingleTest" time="56.773" errors="0" timestamp="22 Jul 2021 10:58:00 GMT">
  <testcase classname="cucumber.api.testng.AbstractTestNGCucumberTests" name="feature" time="35.217">
    <failure type="cucumber.runtime.CucumberException" message="java.lang.NullPointerException: Cannot invoke &amp;quot;String.length()&amp;quot; because &amp;quot;s&amp;quot; is null">
      <![CDATA[cucumber.runtime.CucumberException: java.lang.NullPointerException: Cannot invoke "String.length()" because "s" is nullat cucumber.api.testng.TestNGCucumberRunner.runCucumber(TestNGCucumberRunner.java:69)at cucumber.api.testng.AbstractTestNGCucumberTests.feature(AbstractTestNGCucumberTests.java:21)Caused by: java.lang.NullPointerException: Cannot invoke "String.length()" because "s" is nullat java.base/java.io.StringReader.<init>(StringReader.java:50)at java.base/java.util.Scanner.<init>(Scanner.java:766)at platform.pageobjects.AccountServices.CreateAccountStep2.convertOTPToList(CreateAccountStep2.java:55)at platform.pageobjects.AccountServices.CreateAccountStep2.addConfirmationCode(CreateAccountStep2.java:64)at platformstepdefinition.PF_CreateAccount.enters_confirmation_code(PF_CreateAccount.java:78)at ✽.And enters confirmation code(PF_CreateAccount.feature:8)... Removed 25 stack frames]]>
    </failure>
  </testcase> <!-- feature -->
</testsuite> <!-- SingleTest -->
