<?xml version="1.0" encoding="UTF-8"?>
<testng-results ignored="0" total="1" passed="1" failed="0" skipped="0">
  <reporter-output>
  </reporter-output>
  <suite started-at="2021-06-28T05:16:14Z" name="Default suite" finished-at="2021-06-28T05:16:26Z" duration-ms="11989">
    <groups>
      <group name="cucumber">
        <method signature="AbstractTestNGCucumberTests.feature(cucumber.api.testng.CucumberFeatureWrapper)[pri:0, instance:platformrunner.PlatformTestRunners@2fc6f97f]" name="feature" class="cucumber.api.testng.AbstractTestNGCucumberTests"/>
      </group> <!-- cucumber -->
    </groups>
    <test started-at="2021-06-28T05:16:14Z" name="Default test" finished-at="2021-06-28T05:16:26Z" duration-ms="11989">
      <class name="platformrunner.PlatformTestRunners">
        <test-method is-config="true" signature="setUpClass()[pri:0, instance:platformrunner.PlatformTestRunners@2fc6f97f]" started-at="2021-06-28T10:46:14Z" name="setUpClass" finished-at="2021-06-28T10:46:15Z" duration-ms="482" status="PASS">
          <reporter-output>
          </reporter-output>
        </test-method> <!-- setUpClass -->
        <test-method signature="feature(cucumber.api.testng.CucumberFeatureWrapper)[pri:0, instance:platformrunner.PlatformTestRunners@2fc6f97f]" started-at="2021-06-28T10:46:15Z" name="feature" description="Runs Cucumber Feature" data-provider="features" finished-at="2021-06-28T10:46:26Z" duration-ms="11160" status="PASS">
          <params>
            <param index="0">
              <value>
                <![CDATA[Validate new login]]>
              </value>
            </param>
          </params>
          <reporter-output>
          </reporter-output>
        </test-method> <!-- feature -->
        <test-method is-config="true" signature="tearDownClass()[pri:0, instance:platformrunner.PlatformTestRunners@2fc6f97f]" started-at="2021-06-28T10:46:26Z" name="tearDownClass" finished-at="2021-06-28T10:46:26Z" duration-ms="178" status="PASS">
          <reporter-output>
          </reporter-output>
        </test-method> <!-- tearDownClass -->
      </class> <!-- platformrunner.PlatformTestRunners -->
    </test> <!-- Default test -->
  </suite> <!-- Default suite -->
</testng-results>
