<?xml version="1.0" encoding="UTF-8"?>
<testng-results skipped="0" failed="0" ignored="0" total="0" passed="0">
  <reporter-output>
  </reporter-output>
  <suite name="LocalSingleBrowser" duration-ms="0" started-at="2021-08-02T20:14:03 IST" finished-at="2021-08-02T20:14:03 IST">
    <groups>
      <group name="cucumber">
        <method signature="AbstractTestNGCucumberTests.feature(cucumber.api.testng.CucumberFeatureWrapper)[pri:0, instance:platformrunner.Runner@4f9a2c08]" name="feature" class="cucumber.api.testng.AbstractTestNGCucumberTests"/>
      </group> <!-- cucumber -->
    </groups>
  </suite> <!-- LocalSingleBrowser -->
</testng-results>
