<?xml version="1.0" encoding="UTF-8"?>
<testng-results ignored="0" total="1" passed="1" failed="0" skipped="0">
  <reporter-output>
  </reporter-output>
  <suite started-at="2021-07-16T10:53:45Z" name="LocalSingleBrowser" finished-at="2021-07-16T10:53:54Z" duration-ms="8858">
    <groups>
      <group name="cucumber">
        <method signature="AbstractTestNGCucumberTests.feature(cucumber.api.testng.CucumberFeatureWrapper)[pri:0, instance:platformrunner.Runner@4a9cc6cb]" name="feature" class="cucumber.api.testng.AbstractTestNGCucumberTests"/>
      </group> <!-- cucumber -->
    </groups>
    <test started-at="2021-07-16T10:53:45Z" name="SingleBrowserTest" finished-at="2021-07-16T10:53:54Z" duration-ms="8858">
      <class name="platformrunner.Runner">
        <test-method is-config="true" signature="setUpBrowser(java.lang.String, java.lang.String, java.lang.String, java.lang.String)[pri:0, instance:platformrunner.Runner@4a9cc6cb]" started-at="2021-07-16T16:23:45Z" name="setUpBrowser" finished-at="2021-07-16T16:23:51Z" duration-ms="5823" status="PASS">
          <params>
            <param index="0">
              <value>
                <![CDATA[local]]>
              </value>
            </param>
            <param index="1">
              <value>
                <![CDATA[chrome]]>
              </value>
            </param>
            <param index="2">
              <value is-null="true"/>
            </param>
            <param index="3">
              <value is-null="true"/>
            </param>
          </params>
          <reporter-output>
          </reporter-output>
        </test-method> <!-- setUpBrowser -->
        <test-method is-config="true" signature="setUpClass()[pri:0, instance:platformrunner.Runner@4a9cc6cb]" started-at="2021-07-16T16:23:51Z" name="setUpClass" finished-at="2021-07-16T16:23:51Z" duration-ms="279" status="PASS">
          <reporter-output>
          </reporter-output>
        </test-method> <!-- setUpClass -->
        <test-method signature="feature(cucumber.api.testng.CucumberFeatureWrapper)[pri:0, instance:platformrunner.Runner@4a9cc6cb]" started-at="2021-07-16T16:23:51Z" name="feature" description="Runs Cucumber Feature" data-provider="features" finished-at="2021-07-16T16:23:53Z" duration-ms="2428" status="PASS">
          <params>
            <param index="0">
              <value>
                <![CDATA[Test feature file]]>
              </value>
            </param>
          </params>
          <reporter-output>
          </reporter-output>
        </test-method> <!-- feature -->
        <test-method is-config="true" signature="tearDownClass()[pri:0, instance:platformrunner.Runner@4a9cc6cb]" started-at="2021-07-16T16:23:53Z" name="tearDownClass" finished-at="2021-07-16T16:23:53Z" duration-ms="78" status="PASS">
          <reporter-output>
          </reporter-output>
        </test-method> <!-- tearDownClass -->
        <test-method is-config="true" signature="closeBrowser(java.lang.String)[pri:0, instance:platformrunner.Runner@4a9cc6cb]" started-at="2021-07-16T16:23:53Z" name="closeBrowser" finished-at="2021-07-16T16:23:54Z" duration-ms="120" status="PASS">
          <params>
            <param index="0">
              <value>
                <![CDATA[local]]>
              </value>
            </param>
          </params>
          <reporter-output>
          </reporter-output>
        </test-method> <!-- closeBrowser -->
      </class> <!-- platformrunner.Runner -->
    </test> <!-- SingleBrowserTest -->
  </suite> <!-- LocalSingleBrowser -->
</testng-results>
