<?xml version="1.0" encoding="UTF-8"?>
<testng-results ignored="0" total="1" passed="1" failed="0" skipped="0">
  <reporter-output>
  </reporter-output>
  <suite started-at="2021-07-02T09:25:24Z" name="Default suite" finished-at="2021-07-02T09:25:56Z" duration-ms="31925">
    <groups>
      <group name="cucumber">
        <method signature="AbstractTestNGCucumberTests.feature(cucumber.api.testng.CucumberFeatureWrapper)[pri:0, instance:platformrunner.PlatformTestRunners@623e088f]" name="feature" class="cucumber.api.testng.AbstractTestNGCucumberTests"/>
      </group> <!-- cucumber -->
    </groups>
    <test started-at="2021-07-02T09:25:24Z" name="Default test" finished-at="2021-07-02T09:25:56Z" duration-ms="31925">
      <class name="platformrunner.PlatformTestRunners">
        <test-method is-config="true" signature="setUpClass()[pri:0, instance:platformrunner.PlatformTestRunners@623e088f]" started-at="2021-07-02T14:55:24Z" name="setUpClass" finished-at="2021-07-02T14:55:24Z" duration-ms="792" status="PASS">
          <reporter-output>
          </reporter-output>
        </test-method> <!-- setUpClass -->
        <test-method signature="feature(cucumber.api.testng.CucumberFeatureWrapper)[pri:0, instance:platformrunner.PlatformTestRunners@623e088f]" started-at="2021-07-02T14:55:25Z" name="feature" description="Runs Cucumber Feature" data-provider="features" finished-at="2021-07-02T14:55:55Z" duration-ms="30570" status="PASS">
          <params>
            <param index="0">
              <value>
                <![CDATA[Validate footer links]]>
              </value>
            </param>
          </params>
          <reporter-output>
          </reporter-output>
        </test-method> <!-- feature -->
        <test-method is-config="true" signature="tearDownClass()[pri:0, instance:platformrunner.PlatformTestRunners@623e088f]" started-at="2021-07-02T14:55:55Z" name="tearDownClass" finished-at="2021-07-02T14:55:56Z" duration-ms="227" status="PASS">
          <reporter-output>
          </reporter-output>
        </test-method> <!-- tearDownClass -->
      </class> <!-- platformrunner.PlatformTestRunners -->
    </test> <!-- Default test -->
  </suite> <!-- Default suite -->
</testng-results>
