<?xml version="1.0" encoding="UTF-8"?>
<testng-results skipped="0" failed="8" ignored="0" total="24" passed="16">
  <reporter-output>
  </reporter-output>
  <suite name="LocalSingleBrowser" duration-ms="1107616" started-at="2021-08-18T18:26:17 IST" finished-at="2021-08-18T18:44:45 IST">
    <groups>
      <group name="cucumber">
        <method signature="AbstractTestNGCucumberTests.runScenario(io.cucumber.testng.PickleWrapper,io.cucumber.testng.FeatureWrapper)[pri:0, instance:platformrunner.Runner@16fdec90]" name="runScenario" class="io.cucumber.testng.AbstractTestNGCucumberTests"/>
      </group> <!-- cucumber -->
    </groups>
    <test name="SingleBrowserTest" duration-ms="1107616" started-at="2021-08-18T18:26:17 IST" finished-at="2021-08-18T18:44:45 IST">
      <class name="platformrunner.Runner">
        <test-method status="PASS" signature="setUpBrowser(java.lang.String,java.lang.String,java.lang.String,java.lang.String)[pri:0, instance:platformrunner.Runner@16fdec90]" name="setUpBrowser" is-config="true" duration-ms="30346" started-at="2021-08-18T18:26:17 IST" finished-at="2021-08-18T18:26:48 IST">
          <params>
            <param index="0">
              <value>
                <![CDATA[local]]>
              </value>
            </param>
            <param index="1">
              <value>
                <![CDATA[chrome]]>
              </value>
            </param>
            <param index="2">
              <value is-null="true"/>
            </param>
            <param index="3">
              <value is-null="true"/>
            </param>
          </params>
          <reporter-output>
          </reporter-output>
        </test-method> <!-- setUpBrowser -->
        <test-method status="PASS" signature="setUpClass()[pri:0, instance:platformrunner.Runner@16fdec90]" name="setUpClass" is-config="true" duration-ms="611" started-at="2021-08-18T18:26:48 IST" finished-at="2021-08-18T18:26:48 IST">
          <reporter-output>
          </reporter-output>
        </test-method> <!-- setUpClass -->
        <test-method status="PASS" signature="runScenario(io.cucumber.testng.PickleWrapper,io.cucumber.testng.FeatureWrapper)[pri:0, instance:platformrunner.Runner@16fdec90]" name="runScenario" duration-ms="44649" started-at="2021-08-18T18:26:48 IST" description="Runs Cucumber Scenarios" data-provider="scenarios" finished-at="2021-08-18T18:27:33 IST">
          <params>
            <param index="0">
              <value>
                <![CDATA["Validate Account information with Valid data"]]>
              </value>
            </param>
            <param index="1">
              <value>
                <![CDATA["Optional[Validate Account information]"]]>
              </value>
            </param>
          </params>
          <reporter-output>
          </reporter-output>
        </test-method> <!-- runScenario -->
        <test-method status="PASS" signature="runScenario(io.cucumber.testng.PickleWrapper,io.cucumber.testng.FeatureWrapper)[pri:0, instance:platformrunner.Runner@16fdec90]" name="runScenario" duration-ms="26810" started-at="2021-08-18T18:27:33 IST" description="Runs Cucumber Scenarios" data-provider="scenarios" finished-at="2021-08-18T18:28:00 IST">
          <params>
            <param index="0">
              <value>
                <![CDATA["Validate Account information  with Invalid data"]]>
              </value>
            </param>
            <param index="1">
              <value>
                <![CDATA["Optional[Validate Account information]"]]>
              </value>
            </param>
          </params>
          <reporter-output>
          </reporter-output>
        </test-method> <!-- runScenario -->
        <test-method status="PASS" signature="runScenario(io.cucumber.testng.PickleWrapper,io.cucumber.testng.FeatureWrapper)[pri:0, instance:platformrunner.Runner@16fdec90]" name="runScenario" duration-ms="29458" started-at="2021-08-18T18:28:00 IST" description="Runs Cucumber Scenarios" data-provider="scenarios" finished-at="2021-08-18T18:28:29 IST">
          <params>
            <param index="0">
              <value>
                <![CDATA["Validate Account information error with Invalid data"]]>
              </value>
            </param>
            <param index="1">
              <value>
                <![CDATA["Optional[Validate Account information]"]]>
              </value>
            </param>
          </params>
          <reporter-output>
          </reporter-output>
        </test-method> <!-- runScenario -->
        <test-method status="PASS" signature="runScenario(io.cucumber.testng.PickleWrapper,io.cucumber.testng.FeatureWrapper)[pri:0, instance:platformrunner.Runner@16fdec90]" name="runScenario" duration-ms="27207" started-at="2021-08-18T18:28:29 IST" description="Runs Cucumber Scenarios" data-provider="scenarios" finished-at="2021-08-18T18:28:56 IST">
          <params>
            <param index="0">
              <value>
                <![CDATA["Validate Missing Values Of Account Information"]]>
              </value>
            </param>
            <param index="1">
              <value>
                <![CDATA["Optional[Validate Account information]"]]>
              </value>
            </param>
          </params>
          <reporter-output>
          </reporter-output>
        </test-method> <!-- runScenario -->
        <test-method status="PASS" signature="runScenario(io.cucumber.testng.PickleWrapper,io.cucumber.testng.FeatureWrapper)[pri:0, instance:platformrunner.Runner@16fdec90]" name="runScenario" duration-ms="89695" started-at="2021-08-18T18:28:56 IST" description="Runs Cucumber Scenarios" data-provider="scenarios" finished-at="2021-08-18T18:30:26 IST">
          <params>
            <param index="0">
              <value>
                <![CDATA["Validate Footer Links on Top Page"]]>
              </value>
            </param>
            <param index="1">
              <value>
                <![CDATA["Optional[Validate footer links on Footer Sections]"]]>
              </value>
            </param>
          </params>
          <reporter-output>
          </reporter-output>
        </test-method> <!-- runScenario -->
        <test-method status="PASS" signature="runScenario(io.cucumber.testng.PickleWrapper,io.cucumber.testng.FeatureWrapper)[pri:0, instance:platformrunner.Runner@16fdec90]" name="runScenario" duration-ms="89870" started-at="2021-08-18T18:30:26 IST" description="Runs Cucumber Scenarios" data-provider="scenarios" finished-at="2021-08-18T18:31:56 IST">
          <params>
            <param index="0">
              <value>
                <![CDATA["Check Links on Terms and Conditions Page"]]>
              </value>
            </param>
            <param index="1">
              <value>
                <![CDATA["Optional[Validate footer links on Footer Sections]"]]>
              </value>
            </param>
          </params>
          <reporter-output>
          </reporter-output>
        </test-method> <!-- runScenario -->
        <test-method status="PASS" signature="runScenario(io.cucumber.testng.PickleWrapper,io.cucumber.testng.FeatureWrapper)[pri:0, instance:platformrunner.Runner@16fdec90]" name="runScenario" duration-ms="28722" started-at="2021-08-18T18:31:56 IST" description="Runs Cucumber Scenarios" data-provider="scenarios" finished-at="2021-08-18T18:32:25 IST">
          <params>
            <param index="0">
              <value>
                <![CDATA["Validate Footer on Account and Services Page"]]>
              </value>
            </param>
            <param index="1">
              <value>
                <![CDATA["Optional[Validate footer links on Footer Sections]"]]>
              </value>
            </param>
          </params>
          <reporter-output>
          </reporter-output>
        </test-method> <!-- runScenario -->
        <test-method status="PASS" signature="runScenario(io.cucumber.testng.PickleWrapper,io.cucumber.testng.FeatureWrapper)[pri:0, instance:platformrunner.Runner@16fdec90]" name="runScenario" duration-ms="24931" started-at="2021-08-18T18:32:25 IST" description="Runs Cucumber Scenarios" data-provider="scenarios" finished-at="2021-08-18T18:32:50 IST">
          <params>
            <param index="0">
              <value>
                <![CDATA["Validate Footer on User Top Page"]]>
              </value>
            </param>
            <param index="1">
              <value>
                <![CDATA["Optional[Validate footer links on Footer Sections]"]]>
              </value>
            </param>
          </params>
          <reporter-output>
          </reporter-output>
        </test-method> <!-- runScenario -->
        <test-method status="PASS" signature="runScenario(io.cucumber.testng.PickleWrapper,io.cucumber.testng.FeatureWrapper)[pri:0, instance:platformrunner.Runner@16fdec90]" name="runScenario" duration-ms="46996" started-at="2021-08-18T18:32:50 IST" description="Runs Cucumber Scenarios" data-provider="scenarios" finished-at="2021-08-18T18:33:37 IST">
          <params>
            <param index="0">
              <value>
                <![CDATA["Validate Footer on Order Screen One"]]>
              </value>
            </param>
            <param index="1">
              <value>
                <![CDATA["Optional[Validate footer links on Footer Sections]"]]>
              </value>
            </param>
          </params>
          <reporter-output>
          </reporter-output>
        </test-method> <!-- runScenario -->
        <test-method status="PASS" signature="runScenario(io.cucumber.testng.PickleWrapper,io.cucumber.testng.FeatureWrapper)[pri:0, instance:platformrunner.Runner@16fdec90]" name="runScenario" duration-ms="88400" started-at="2021-08-18T18:33:37 IST" description="Runs Cucumber Scenarios" data-provider="scenarios" finished-at="2021-08-18T18:35:05 IST">
          <params>
            <param index="0">
              <value>
                <![CDATA["Validate Footer on Order Screen Two and Three"]]>
              </value>
            </param>
            <param index="1">
              <value>
                <![CDATA["Optional[Validate footer links on Footer Sections]"]]>
              </value>
            </param>
          </params>
          <reporter-output>
          </reporter-output>
        </test-method> <!-- runScenario -->
        <test-method status="FAIL" signature="runScenario(io.cucumber.testng.PickleWrapper,io.cucumber.testng.FeatureWrapper)[pri:0, instance:platformrunner.Runner@16fdec90]" name="runScenario" duration-ms="73511" started-at="2021-08-18T18:35:05 IST" description="Runs Cucumber Scenarios" data-provider="scenarios" finished-at="2021-08-18T18:36:18 IST">
          <params>
            <param index="0">
              <value>
                <![CDATA["Validate Invalid Credit Card"]]>
              </value>
            </param>
            <param index="1">
              <value>
                <![CDATA["Optional[Validate Invalid credit card no]"]]>
              </value>
            </param>
          </params>
          <exception class="org.openqa.selenium.NoSuchElementException">
            <message>
              <![CDATA[no such element: Unable to locate element: {"method":"xpath","selector":"//input[@id='cardno']"}
  (Session info: chrome=92.0.4515.131)
For documentation on this error, please visit: http://seleniumhq.org/exceptions/no_such_element.html
Build info: version: '3.11.0', revision: 'e59cfb3', time: '2018-03-11T20:26:55.152Z'
System info: host: 'DESKTOP-UN79FSK', ip: '192.168.0.7', os.name: 'Windows 8.1', os.arch: 'amd64', os.version: '6.3', java.version: '1.8.0_20'
Driver info: org.openqa.selenium.chrome.ChromeDriver
Capabilities {acceptInsecureCerts: false, browserName: chrome, browserVersion: 92.0.4515.131, chrome: {chromedriverVersion: 92.0.4515.107 (87a818b10553..., userDataDir: C:\Users\Dell\AppData\Local...}, goog:chromeOptions: {debuggerAddress: localhost:55813}, javascriptEnabled: true, networkConnectionEnabled: false, pageLoadStrategy: normal, platform: WINDOWS, platformName: WINDOWS, proxy: Proxy(), setWindowRect: true, strictFileInteractability: false, timeouts: {implicit: 0, pageLoad: 300000, script: 30000}, unhandledPromptBehavior: dismiss and notify, webauthn:extension:credBlob: true, webauthn:extension:largeBlob: true, webauthn:virtualAuthenticators: true}
Session ID: b954ca9dc2b818c982690f899977d0bd
*** Element info: {Using=xpath, value=//input[@id='cardno']}]]>
            </message>
            <full-stacktrace>
              <![CDATA[org.openqa.selenium.NoSuchElementException: no such element: Unable to locate element: {"method":"xpath","selector":"//input[@id='cardno']"}
  (Session info: chrome=92.0.4515.131)
For documentation on this error, please visit: http://seleniumhq.org/exceptions/no_such_element.html
Build info: version: '3.11.0', revision: 'e59cfb3', time: '2018-03-11T20:26:55.152Z'
System info: host: 'DESKTOP-UN79FSK', ip: '192.168.0.7', os.name: 'Windows 8.1', os.arch: 'amd64', os.version: '6.3', java.version: '1.8.0_20'
Driver info: org.openqa.selenium.chrome.ChromeDriver
Capabilities {acceptInsecureCerts: false, browserName: chrome, browserVersion: 92.0.4515.131, chrome: {chromedriverVersion: 92.0.4515.107 (87a818b10553..., userDataDir: C:\Users\Dell\AppData\Local...}, goog:chromeOptions: {debuggerAddress: localhost:55813}, javascriptEnabled: true, networkConnectionEnabled: false, pageLoadStrategy: normal, platform: WINDOWS, platformName: WINDOWS, proxy: Proxy(), setWindowRect: true, strictFileInteractability: false, timeouts: {implicit: 0, pageLoad: 300000, script: 30000}, unhandledPromptBehavior: dismiss and notify, webauthn:extension:credBlob: true, webauthn:extension:largeBlob: true, webauthn:virtualAuthenticators: true}
Session ID: b954ca9dc2b818c982690f899977d0bd
*** Element info: {Using=xpath, value=//input[@id='cardno']}
at sun.reflect.GeneratedConstructorAccessor73.newInstance(Unknown Source)
at sun.reflect.DelegatingConstructorAccessorImpl.newInstance(DelegatingConstructorAccessorImpl.java:45)
at java.lang.reflect.Constructor.newInstance(Constructor.java:408)
at org.openqa.selenium.remote.http.W3CHttpResponseCodec.createException(W3CHttpResponseCodec.java:185)
at org.openqa.selenium.remote.http.W3CHttpResponseCodec.decode(W3CHttpResponseCodec.java:120)
at org.openqa.selenium.remote.http.W3CHttpResponseCodec.decode(W3CHttpResponseCodec.java:49)
at org.openqa.selenium.remote.HttpCommandExecutor.execute(HttpCommandExecutor.java:164)
at org.openqa.selenium.remote.service.DriverCommandExecutor.execute(DriverCommandExecutor.java:83)
at org.openqa.selenium.remote.RemoteWebDriver.execute(RemoteWebDriver.java:586)
at org.openqa.selenium.remote.RemoteWebDriver.findElement(RemoteWebDriver.java:356)
at org.openqa.selenium.remote.RemoteWebDriver.findElementByXPath(RemoteWebDriver.java:458)
at org.openqa.selenium.By$ByXPath.findElement(By.java:361)
at org.openqa.selenium.remote.RemoteWebDriver.findElement(RemoteWebDriver.java:348)
at org.openqa.selenium.support.pagefactory.DefaultElementLocator.findElement(DefaultElementLocator.java:69)
at org.openqa.selenium.support.pagefactory.internal.LocatingElementHandler.invoke(LocatingElementHandler.java:38)
at com.sun.proxy.$Proxy45.sendKeys(Unknown Source)
at platform.pageobjects.MyPage.InvalidCC.InValidCreditcard(InvalidCC.java:91)
at platformstepdefinition.PF_InvalidCC.Enters_credit_card_details(PF_InvalidCC.java:50)
at ✽.Enters invalid credit card details(file:///D:/Sopan/Project/Automation/PlatformTesting/platform/./src/test/java/platformfeatures/PF_InvalidCC.feature:10)
]]>
            </full-stacktrace>
          </exception> <!-- org.openqa.selenium.NoSuchElementException -->
          <reporter-output>
          </reporter-output>
        </test-method> <!-- runScenario -->
        <test-method status="PASS" signature="runScenario(io.cucumber.testng.PickleWrapper,io.cucumber.testng.FeatureWrapper)[pri:0, instance:platformrunner.Runner@16fdec90]" name="runScenario" duration-ms="38376" started-at="2021-08-18T18:36:19 IST" description="Runs Cucumber Scenarios" data-provider="scenarios" finished-at="2021-08-18T18:36:57 IST">
          <params>
            <param index="0">
              <value>
                <![CDATA["Validate Membership Status information"]]>
              </value>
            </param>
            <param index="1">
              <value>
                <![CDATA["Optional[Validate Membership Status information]"]]>
              </value>
            </param>
          </params>
          <reporter-output>
          </reporter-output>
        </test-method> <!-- runScenario -->
        <test-method status="PASS" signature="runScenario(io.cucumber.testng.PickleWrapper,io.cucumber.testng.FeatureWrapper)[pri:0, instance:platformrunner.Runner@16fdec90]" name="runScenario" duration-ms="15317" started-at="2021-08-18T18:36:57 IST" description="Runs Cucumber Scenarios" data-provider="scenarios" finished-at="2021-08-18T18:37:12 IST">
          <params>
            <param index="0">
              <value>
                <![CDATA["Validate Membership Status information"]]>
              </value>
            </param>
            <param index="1">
              <value>
                <![CDATA["Optional[Validate Membership Status information]"]]>
              </value>
            </param>
          </params>
          <reporter-output>
          </reporter-output>
        </test-method> <!-- runScenario -->
        <test-method status="PASS" signature="runScenario(io.cucumber.testng.PickleWrapper,io.cucumber.testng.FeatureWrapper)[pri:0, instance:platformrunner.Runner@16fdec90]" name="runScenario" duration-ms="16579" started-at="2021-08-18T18:37:12 IST" description="Runs Cucumber Scenarios" data-provider="scenarios" finished-at="2021-08-18T18:37:29 IST">
          <params>
            <param index="0">
              <value>
                <![CDATA["Validate Free and Prime Membership Plan Details"]]>
              </value>
            </param>
            <param index="1">
              <value>
                <![CDATA["Optional[Validate Membership Status information]"]]>
              </value>
            </param>
          </params>
          <reporter-output>
          </reporter-output>
        </test-method> <!-- runScenario -->
        <test-method status="PASS" signature="runScenario(io.cucumber.testng.PickleWrapper,io.cucumber.testng.FeatureWrapper)[pri:0, instance:platformrunner.Runner@16fdec90]" name="runScenario" duration-ms="105421" started-at="2021-08-18T18:37:29 IST" description="Runs Cucumber Scenarios" data-provider="scenarios" finished-at="2021-08-18T18:39:14 IST">
          <params>
            <param index="0">
              <value>
                <![CDATA["Validate order with Existing valid Credit Card"]]>
              </value>
            </param>
            <param index="1">
              <value>
                <![CDATA["Optional[Validate order flow]"]]>
              </value>
            </param>
          </params>
          <reporter-output>
          </reporter-output>
        </test-method> <!-- runScenario -->
        <test-method status="FAIL" signature="runScenario(io.cucumber.testng.PickleWrapper,io.cucumber.testng.FeatureWrapper)[pri:0, instance:platformrunner.Runner@16fdec90]" name="runScenario" duration-ms="64548" started-at="2021-08-18T18:39:14 IST" description="Runs Cucumber Scenarios" data-provider="scenarios" finished-at="2021-08-18T18:40:19 IST">
          <params>
            <param index="0">
              <value>
                <![CDATA["Validate order with valid Credit Card"]]>
              </value>
            </param>
            <param index="1">
              <value>
                <![CDATA["Optional[Validate order flow]"]]>
              </value>
            </param>
          </params>
          <exception class="org.openqa.selenium.StaleElementReferenceException">
            <message>
              <![CDATA[stale element reference: element is not attached to the page document
  (Session info: chrome=92.0.4515.131)
For documentation on this error, please visit: http://seleniumhq.org/exceptions/stale_element_reference.html
Build info: version: '3.11.0', revision: 'e59cfb3', time: '2018-03-11T20:26:55.152Z'
System info: host: 'DESKTOP-UN79FSK', ip: '192.168.0.7', os.name: 'Windows 8.1', os.arch: 'amd64', os.version: '6.3', java.version: '1.8.0_20'
Driver info: org.openqa.selenium.chrome.ChromeDriver
Capabilities {acceptInsecureCerts: false, browserName: chrome, browserVersion: 92.0.4515.131, chrome: {chromedriverVersion: 92.0.4515.107 (87a818b10553..., userDataDir: C:\Users\Dell\AppData\Local...}, goog:chromeOptions: {debuggerAddress: localhost:55813}, javascriptEnabled: true, networkConnectionEnabled: false, pageLoadStrategy: normal, platform: WINDOWS, platformName: WINDOWS, proxy: Proxy(), setWindowRect: true, strictFileInteractability: false, timeouts: {implicit: 0, pageLoad: 300000, script: 30000}, unhandledPromptBehavior: dismiss and notify, webauthn:extension:credBlob: true, webauthn:extension:largeBlob: true, webauthn:virtualAuthenticators: true}
Session ID: b954ca9dc2b818c982690f899977d0bd]]>
            </message>
            <full-stacktrace>
              <![CDATA[org.openqa.selenium.StaleElementReferenceException: stale element reference: element is not attached to the page document
  (Session info: chrome=92.0.4515.131)
For documentation on this error, please visit: http://seleniumhq.org/exceptions/stale_element_reference.html
Build info: version: '3.11.0', revision: 'e59cfb3', time: '2018-03-11T20:26:55.152Z'
System info: host: 'DESKTOP-UN79FSK', ip: '192.168.0.7', os.name: 'Windows 8.1', os.arch: 'amd64', os.version: '6.3', java.version: '1.8.0_20'
Driver info: org.openqa.selenium.chrome.ChromeDriver
Capabilities {acceptInsecureCerts: false, browserName: chrome, browserVersion: 92.0.4515.131, chrome: {chromedriverVersion: 92.0.4515.107 (87a818b10553..., userDataDir: C:\Users\Dell\AppData\Local...}, goog:chromeOptions: {debuggerAddress: localhost:55813}, javascriptEnabled: true, networkConnectionEnabled: false, pageLoadStrategy: normal, platform: WINDOWS, platformName: WINDOWS, proxy: Proxy(), setWindowRect: true, strictFileInteractability: false, timeouts: {implicit: 0, pageLoad: 300000, script: 30000}, unhandledPromptBehavior: dismiss and notify, webauthn:extension:credBlob: true, webauthn:extension:largeBlob: true, webauthn:virtualAuthenticators: true}
Session ID: b954ca9dc2b818c982690f899977d0bd
at sun.reflect.NativeConstructorAccessorImpl.newInstance0(Native Method)
at sun.reflect.NativeConstructorAccessorImpl.newInstance(NativeConstructorAccessorImpl.java:62)
at sun.reflect.DelegatingConstructorAccessorImpl.newInstance(DelegatingConstructorAccessorImpl.java:45)
at java.lang.reflect.Constructor.newInstance(Constructor.java:408)
at org.openqa.selenium.remote.http.W3CHttpResponseCodec.createException(W3CHttpResponseCodec.java:185)
at org.openqa.selenium.remote.http.W3CHttpResponseCodec.decode(W3CHttpResponseCodec.java:120)
at org.openqa.selenium.remote.http.W3CHttpResponseCodec.decode(W3CHttpResponseCodec.java:49)
at org.openqa.selenium.remote.HttpCommandExecutor.execute(HttpCommandExecutor.java:164)
at org.openqa.selenium.remote.service.DriverCommandExecutor.execute(DriverCommandExecutor.java:83)
at org.openqa.selenium.remote.RemoteWebDriver.execute(RemoteWebDriver.java:586)
at org.openqa.selenium.remote.RemoteWebElement.execute(RemoteWebElement.java:279)
at org.openqa.selenium.remote.RemoteWebElement.getText(RemoteWebElement.java:160)
at sun.reflect.GeneratedMethodAccessor7.invoke(Unknown Source)
at sun.reflect.DelegatingMethodAccessorImpl.invoke(DelegatingMethodAccessorImpl.java:43)
at java.lang.reflect.Method.invoke(Method.java:483)
at org.openqa.selenium.support.pagefactory.internal.LocatingElementHandler.invoke(LocatingElementHandler.java:51)
at com.sun.proxy.$Proxy45.getText(Unknown Source)
at platform.pageobjects.Order.Order.compareProductDataOnOrderStep3(Order.java:888)
at platformstepdefinition.PF_Order.compare_product_data_on_order_step_3_page(PF_Order.java:74)
at ✽.Compare Product Data On Order Step 3 Page(file:///D:/Sopan/Project/Automation/PlatformTesting/platform/./src/test/java/platformfeatures/PF_Order.feature:24)
]]>
            </full-stacktrace>
          </exception> <!-- org.openqa.selenium.StaleElementReferenceException -->
          <reporter-output>
          </reporter-output>
        </test-method> <!-- runScenario -->
        <test-method status="FAIL" signature="runScenario(io.cucumber.testng.PickleWrapper,io.cucumber.testng.FeatureWrapper)[pri:0, instance:platformrunner.Runner@16fdec90]" name="runScenario" duration-ms="23384" started-at="2021-08-18T18:40:19 IST" description="Runs Cucumber Scenarios" data-provider="scenarios" finished-at="2021-08-18T18:40:43 IST">
          <params>
            <param index="0">
              <value>
                <![CDATA["Validate order with In valid Credit Card"]]>
              </value>
            </param>
            <param index="1">
              <value>
                <![CDATA["Optional[Validate order flow]"]]>
              </value>
            </param>
          </params>
          <exception class="org.openqa.selenium.NoSuchElementException">
            <message>
              <![CDATA[no such element: Unable to locate element: {"method":"xpath","selector":"//a[@href='/product-list']"}
  (Session info: chrome=92.0.4515.131)
For documentation on this error, please visit: http://seleniumhq.org/exceptions/no_such_element.html
Build info: version: '3.11.0', revision: 'e59cfb3', time: '2018-03-11T20:26:55.152Z'
System info: host: 'DESKTOP-UN79FSK', ip: '192.168.0.7', os.name: 'Windows 8.1', os.arch: 'amd64', os.version: '6.3', java.version: '1.8.0_20'
Driver info: org.openqa.selenium.chrome.ChromeDriver
Capabilities {acceptInsecureCerts: false, browserName: chrome, browserVersion: 92.0.4515.131, chrome: {chromedriverVersion: 92.0.4515.107 (87a818b10553..., userDataDir: C:\Users\Dell\AppData\Local...}, goog:chromeOptions: {debuggerAddress: localhost:55813}, javascriptEnabled: true, networkConnectionEnabled: false, pageLoadStrategy: normal, platform: WINDOWS, platformName: WINDOWS, proxy: Proxy(), setWindowRect: true, strictFileInteractability: false, timeouts: {implicit: 0, pageLoad: 300000, script: 30000}, unhandledPromptBehavior: dismiss and notify, webauthn:extension:credBlob: true, webauthn:extension:largeBlob: true, webauthn:virtualAuthenticators: true}
Session ID: b954ca9dc2b818c982690f899977d0bd
*** Element info: {Using=xpath, value=//a[@href='/product-list']}]]>
            </message>
            <full-stacktrace>
              <![CDATA[org.openqa.selenium.NoSuchElementException: no such element: Unable to locate element: {"method":"xpath","selector":"//a[@href='/product-list']"}
  (Session info: chrome=92.0.4515.131)
For documentation on this error, please visit: http://seleniumhq.org/exceptions/no_such_element.html
Build info: version: '3.11.0', revision: 'e59cfb3', time: '2018-03-11T20:26:55.152Z'
System info: host: 'DESKTOP-UN79FSK', ip: '192.168.0.7', os.name: 'Windows 8.1', os.arch: 'amd64', os.version: '6.3', java.version: '1.8.0_20'
Driver info: org.openqa.selenium.chrome.ChromeDriver
Capabilities {acceptInsecureCerts: false, browserName: chrome, browserVersion: 92.0.4515.131, chrome: {chromedriverVersion: 92.0.4515.107 (87a818b10553..., userDataDir: C:\Users\Dell\AppData\Local...}, goog:chromeOptions: {debuggerAddress: localhost:55813}, javascriptEnabled: true, networkConnectionEnabled: false, pageLoadStrategy: normal, platform: WINDOWS, platformName: WINDOWS, proxy: Proxy(), setWindowRect: true, strictFileInteractability: false, timeouts: {implicit: 0, pageLoad: 300000, script: 30000}, unhandledPromptBehavior: dismiss and notify, webauthn:extension:credBlob: true, webauthn:extension:largeBlob: true, webauthn:virtualAuthenticators: true}
Session ID: b954ca9dc2b818c982690f899977d0bd
*** Element info: {Using=xpath, value=//a[@href='/product-list']}
at sun.reflect.GeneratedConstructorAccessor73.newInstance(Unknown Source)
at sun.reflect.DelegatingConstructorAccessorImpl.newInstance(DelegatingConstructorAccessorImpl.java:45)
at java.lang.reflect.Constructor.newInstance(Constructor.java:408)
at org.openqa.selenium.remote.http.W3CHttpResponseCodec.createException(W3CHttpResponseCodec.java:185)
at org.openqa.selenium.remote.http.W3CHttpResponseCodec.decode(W3CHttpResponseCodec.java:120)
at org.openqa.selenium.remote.http.W3CHttpResponseCodec.decode(W3CHttpResponseCodec.java:49)
at org.openqa.selenium.remote.HttpCommandExecutor.execute(HttpCommandExecutor.java:164)
at org.openqa.selenium.remote.service.DriverCommandExecutor.execute(DriverCommandExecutor.java:83)
at org.openqa.selenium.remote.RemoteWebDriver.execute(RemoteWebDriver.java:586)
at org.openqa.selenium.remote.RemoteWebDriver.findElement(RemoteWebDriver.java:356)
at org.openqa.selenium.remote.RemoteWebDriver.findElementByXPath(RemoteWebDriver.java:458)
at org.openqa.selenium.By$ByXPath.findElement(By.java:361)
at org.openqa.selenium.remote.RemoteWebDriver.findElement(RemoteWebDriver.java:348)
at org.openqa.selenium.support.pagefactory.DefaultElementLocator.findElement(DefaultElementLocator.java:69)
at org.openqa.selenium.support.pagefactory.internal.LocatingElementHandler.invoke(LocatingElementHandler.java:38)
at com.sun.proxy.$Proxy45.click(Unknown Source)
at platform.pageobjects.Order.Order.select1stCasecProduct(Order.java:357)
at platformstepdefinition.PF_Order.select_1st_product_from_product_list_page(PF_Order.java:34)
at ✽.Select 1st product from product list page(file:///D:/Sopan/Project/Automation/PlatformTesting/platform/./src/test/java/platformfeatures/PF_Order.feature:34)
]]>
            </full-stacktrace>
          </exception> <!-- org.openqa.selenium.NoSuchElementException -->
          <reporter-output>
          </reporter-output>
        </test-method> <!-- runScenario -->
        <test-method status="FAIL" signature="runScenario(io.cucumber.testng.PickleWrapper,io.cucumber.testng.FeatureWrapper)[pri:0, instance:platformrunner.Runner@16fdec90]" name="runScenario" duration-ms="23381" started-at="2021-08-18T18:40:43 IST" description="Runs Cucumber Scenarios" data-provider="scenarios" finished-at="2021-08-18T18:41:06 IST">
          <params>
            <param index="0">
              <value>
                <![CDATA["Validate order with Blank valid Credit Card"]]>
              </value>
            </param>
            <param index="1">
              <value>
                <![CDATA["Optional[Validate order flow]"]]>
              </value>
            </param>
          </params>
          <exception class="org.openqa.selenium.NoSuchElementException">
            <message>
              <![CDATA[no such element: Unable to locate element: {"method":"xpath","selector":"//a[@href='/product-list']"}
  (Session info: chrome=92.0.4515.131)
For documentation on this error, please visit: http://seleniumhq.org/exceptions/no_such_element.html
Build info: version: '3.11.0', revision: 'e59cfb3', time: '2018-03-11T20:26:55.152Z'
System info: host: 'DESKTOP-UN79FSK', ip: '192.168.0.7', os.name: 'Windows 8.1', os.arch: 'amd64', os.version: '6.3', java.version: '1.8.0_20'
Driver info: org.openqa.selenium.chrome.ChromeDriver
Capabilities {acceptInsecureCerts: false, browserName: chrome, browserVersion: 92.0.4515.131, chrome: {chromedriverVersion: 92.0.4515.107 (87a818b10553..., userDataDir: C:\Users\Dell\AppData\Local...}, goog:chromeOptions: {debuggerAddress: localhost:55813}, javascriptEnabled: true, networkConnectionEnabled: false, pageLoadStrategy: normal, platform: WINDOWS, platformName: WINDOWS, proxy: Proxy(), setWindowRect: true, strictFileInteractability: false, timeouts: {implicit: 0, pageLoad: 300000, script: 30000}, unhandledPromptBehavior: dismiss and notify, webauthn:extension:credBlob: true, webauthn:extension:largeBlob: true, webauthn:virtualAuthenticators: true}
Session ID: b954ca9dc2b818c982690f899977d0bd
*** Element info: {Using=xpath, value=//a[@href='/product-list']}]]>
            </message>
            <full-stacktrace>
              <![CDATA[org.openqa.selenium.NoSuchElementException: no such element: Unable to locate element: {"method":"xpath","selector":"//a[@href='/product-list']"}
  (Session info: chrome=92.0.4515.131)
For documentation on this error, please visit: http://seleniumhq.org/exceptions/no_such_element.html
Build info: version: '3.11.0', revision: 'e59cfb3', time: '2018-03-11T20:26:55.152Z'
System info: host: 'DESKTOP-UN79FSK', ip: '192.168.0.7', os.name: 'Windows 8.1', os.arch: 'amd64', os.version: '6.3', java.version: '1.8.0_20'
Driver info: org.openqa.selenium.chrome.ChromeDriver
Capabilities {acceptInsecureCerts: false, browserName: chrome, browserVersion: 92.0.4515.131, chrome: {chromedriverVersion: 92.0.4515.107 (87a818b10553..., userDataDir: C:\Users\Dell\AppData\Local...}, goog:chromeOptions: {debuggerAddress: localhost:55813}, javascriptEnabled: true, networkConnectionEnabled: false, pageLoadStrategy: normal, platform: WINDOWS, platformName: WINDOWS, proxy: Proxy(), setWindowRect: true, strictFileInteractability: false, timeouts: {implicit: 0, pageLoad: 300000, script: 30000}, unhandledPromptBehavior: dismiss and notify, webauthn:extension:credBlob: true, webauthn:extension:largeBlob: true, webauthn:virtualAuthenticators: true}
Session ID: b954ca9dc2b818c982690f899977d0bd
*** Element info: {Using=xpath, value=//a[@href='/product-list']}
at sun.reflect.GeneratedConstructorAccessor73.newInstance(Unknown Source)
at sun.reflect.DelegatingConstructorAccessorImpl.newInstance(DelegatingConstructorAccessorImpl.java:45)
at java.lang.reflect.Constructor.newInstance(Constructor.java:408)
at org.openqa.selenium.remote.http.W3CHttpResponseCodec.createException(W3CHttpResponseCodec.java:185)
at org.openqa.selenium.remote.http.W3CHttpResponseCodec.decode(W3CHttpResponseCodec.java:120)
at org.openqa.selenium.remote.http.W3CHttpResponseCodec.decode(W3CHttpResponseCodec.java:49)
at org.openqa.selenium.remote.HttpCommandExecutor.execute(HttpCommandExecutor.java:164)
at org.openqa.selenium.remote.service.DriverCommandExecutor.execute(DriverCommandExecutor.java:83)
at org.openqa.selenium.remote.RemoteWebDriver.execute(RemoteWebDriver.java:586)
at org.openqa.selenium.remote.RemoteWebDriver.findElement(RemoteWebDriver.java:356)
at org.openqa.selenium.remote.RemoteWebDriver.findElementByXPath(RemoteWebDriver.java:458)
at org.openqa.selenium.By$ByXPath.findElement(By.java:361)
at org.openqa.selenium.remote.RemoteWebDriver.findElement(RemoteWebDriver.java:348)
at org.openqa.selenium.support.pagefactory.DefaultElementLocator.findElement(DefaultElementLocator.java:69)
at org.openqa.selenium.support.pagefactory.internal.LocatingElementHandler.invoke(LocatingElementHandler.java:38)
at com.sun.proxy.$Proxy45.click(Unknown Source)
at platform.pageobjects.Order.Order.select1stCasecProduct(Order.java:357)
at platformstepdefinition.PF_Order.select_1st_product_from_product_list_page(PF_Order.java:34)
at ✽.Select 1st product from product list page(file:///D:/Sopan/Project/Automation/PlatformTesting/platform/./src/test/java/platformfeatures/PF_Order.feature:44)
]]>
            </full-stacktrace>
          </exception> <!-- org.openqa.selenium.NoSuchElementException -->
          <reporter-output>
          </reporter-output>
        </test-method> <!-- runScenario -->
        <test-method status="FAIL" signature="runScenario(io.cucumber.testng.PickleWrapper,io.cucumber.testng.FeatureWrapper)[pri:0, instance:platformrunner.Runner@16fdec90]" name="runScenario" duration-ms="23377" started-at="2021-08-18T18:41:06 IST" description="Runs Cucumber Scenarios" data-provider="scenarios" finished-at="2021-08-18T18:41:30 IST">
          <params>
            <param index="0">
              <value>
                <![CDATA["Validate order with valid con store"]]>
              </value>
            </param>
            <param index="1">
              <value>
                <![CDATA["Optional[Validate order flow]"]]>
              </value>
            </param>
          </params>
          <exception class="org.openqa.selenium.NoSuchElementException">
            <message>
              <![CDATA[no such element: Unable to locate element: {"method":"xpath","selector":"//a[@href='/product-list']"}
  (Session info: chrome=92.0.4515.131)
For documentation on this error, please visit: http://seleniumhq.org/exceptions/no_such_element.html
Build info: version: '3.11.0', revision: 'e59cfb3', time: '2018-03-11T20:26:55.152Z'
System info: host: 'DESKTOP-UN79FSK', ip: '192.168.0.7', os.name: 'Windows 8.1', os.arch: 'amd64', os.version: '6.3', java.version: '1.8.0_20'
Driver info: org.openqa.selenium.chrome.ChromeDriver
Capabilities {acceptInsecureCerts: false, browserName: chrome, browserVersion: 92.0.4515.131, chrome: {chromedriverVersion: 92.0.4515.107 (87a818b10553..., userDataDir: C:\Users\Dell\AppData\Local...}, goog:chromeOptions: {debuggerAddress: localhost:55813}, javascriptEnabled: true, networkConnectionEnabled: false, pageLoadStrategy: normal, platform: WINDOWS, platformName: WINDOWS, proxy: Proxy(), setWindowRect: true, strictFileInteractability: false, timeouts: {implicit: 0, pageLoad: 300000, script: 30000}, unhandledPromptBehavior: dismiss and notify, webauthn:extension:credBlob: true, webauthn:extension:largeBlob: true, webauthn:virtualAuthenticators: true}
Session ID: b954ca9dc2b818c982690f899977d0bd
*** Element info: {Using=xpath, value=//a[@href='/product-list']}]]>
            </message>
            <full-stacktrace>
              <![CDATA[org.openqa.selenium.NoSuchElementException: no such element: Unable to locate element: {"method":"xpath","selector":"//a[@href='/product-list']"}
  (Session info: chrome=92.0.4515.131)
For documentation on this error, please visit: http://seleniumhq.org/exceptions/no_such_element.html
Build info: version: '3.11.0', revision: 'e59cfb3', time: '2018-03-11T20:26:55.152Z'
System info: host: 'DESKTOP-UN79FSK', ip: '192.168.0.7', os.name: 'Windows 8.1', os.arch: 'amd64', os.version: '6.3', java.version: '1.8.0_20'
Driver info: org.openqa.selenium.chrome.ChromeDriver
Capabilities {acceptInsecureCerts: false, browserName: chrome, browserVersion: 92.0.4515.131, chrome: {chromedriverVersion: 92.0.4515.107 (87a818b10553..., userDataDir: C:\Users\Dell\AppData\Local...}, goog:chromeOptions: {debuggerAddress: localhost:55813}, javascriptEnabled: true, networkConnectionEnabled: false, pageLoadStrategy: normal, platform: WINDOWS, platformName: WINDOWS, proxy: Proxy(), setWindowRect: true, strictFileInteractability: false, timeouts: {implicit: 0, pageLoad: 300000, script: 30000}, unhandledPromptBehavior: dismiss and notify, webauthn:extension:credBlob: true, webauthn:extension:largeBlob: true, webauthn:virtualAuthenticators: true}
Session ID: b954ca9dc2b818c982690f899977d0bd
*** Element info: {Using=xpath, value=//a[@href='/product-list']}
at sun.reflect.GeneratedConstructorAccessor73.newInstance(Unknown Source)
at sun.reflect.DelegatingConstructorAccessorImpl.newInstance(DelegatingConstructorAccessorImpl.java:45)
at java.lang.reflect.Constructor.newInstance(Constructor.java:408)
at org.openqa.selenium.remote.http.W3CHttpResponseCodec.createException(W3CHttpResponseCodec.java:185)
at org.openqa.selenium.remote.http.W3CHttpResponseCodec.decode(W3CHttpResponseCodec.java:120)
at org.openqa.selenium.remote.http.W3CHttpResponseCodec.decode(W3CHttpResponseCodec.java:49)
at org.openqa.selenium.remote.HttpCommandExecutor.execute(HttpCommandExecutor.java:164)
at org.openqa.selenium.remote.service.DriverCommandExecutor.execute(DriverCommandExecutor.java:83)
at org.openqa.selenium.remote.RemoteWebDriver.execute(RemoteWebDriver.java:586)
at org.openqa.selenium.remote.RemoteWebDriver.findElement(RemoteWebDriver.java:356)
at org.openqa.selenium.remote.RemoteWebDriver.findElementByXPath(RemoteWebDriver.java:458)
at org.openqa.selenium.By$ByXPath.findElement(By.java:361)
at org.openqa.selenium.remote.RemoteWebDriver.findElement(RemoteWebDriver.java:348)
at org.openqa.selenium.support.pagefactory.DefaultElementLocator.findElement(DefaultElementLocator.java:69)
at org.openqa.selenium.support.pagefactory.internal.LocatingElementHandler.invoke(LocatingElementHandler.java:38)
at com.sun.proxy.$Proxy45.click(Unknown Source)
at platform.pageobjects.Order.Order.select1stCasecProduct(Order.java:357)
at platformstepdefinition.PF_Order.select_1st_product_from_product_list_page(PF_Order.java:34)
at ✽.Select 1st product from product list page(file:///D:/Sopan/Project/Automation/PlatformTesting/platform/./src/test/java/platformfeatures/PF_Order.feature:54)
]]>
            </full-stacktrace>
          </exception> <!-- org.openqa.selenium.NoSuchElementException -->
          <reporter-output>
          </reporter-output>
        </test-method> <!-- runScenario -->
        <test-method status="FAIL" signature="runScenario(io.cucumber.testng.PickleWrapper,io.cucumber.testng.FeatureWrapper)[pri:0, instance:platformrunner.Runner@16fdec90]" name="runScenario" duration-ms="23332" started-at="2021-08-18T18:41:30 IST" description="Runs Cucumber Scenarios" data-provider="scenarios" finished-at="2021-08-18T18:41:53 IST">
          <params>
            <param index="0">
              <value>
                <![CDATA["Validate order with invalid con store"]]>
              </value>
            </param>
            <param index="1">
              <value>
                <![CDATA["Optional[Validate order flow]"]]>
              </value>
            </param>
          </params>
          <exception class="org.openqa.selenium.NoSuchElementException">
            <message>
              <![CDATA[no such element: Unable to locate element: {"method":"xpath","selector":"//a[@href='/product-list']"}
  (Session info: chrome=92.0.4515.131)
For documentation on this error, please visit: http://seleniumhq.org/exceptions/no_such_element.html
Build info: version: '3.11.0', revision: 'e59cfb3', time: '2018-03-11T20:26:55.152Z'
System info: host: 'DESKTOP-UN79FSK', ip: '192.168.0.7', os.name: 'Windows 8.1', os.arch: 'amd64', os.version: '6.3', java.version: '1.8.0_20'
Driver info: org.openqa.selenium.chrome.ChromeDriver
Capabilities {acceptInsecureCerts: false, browserName: chrome, browserVersion: 92.0.4515.131, chrome: {chromedriverVersion: 92.0.4515.107 (87a818b10553..., userDataDir: C:\Users\Dell\AppData\Local...}, goog:chromeOptions: {debuggerAddress: localhost:55813}, javascriptEnabled: true, networkConnectionEnabled: false, pageLoadStrategy: normal, platform: WINDOWS, platformName: WINDOWS, proxy: Proxy(), setWindowRect: true, strictFileInteractability: false, timeouts: {implicit: 0, pageLoad: 300000, script: 30000}, unhandledPromptBehavior: dismiss and notify, webauthn:extension:credBlob: true, webauthn:extension:largeBlob: true, webauthn:virtualAuthenticators: true}
Session ID: b954ca9dc2b818c982690f899977d0bd
*** Element info: {Using=xpath, value=//a[@href='/product-list']}]]>
            </message>
            <full-stacktrace>
              <![CDATA[org.openqa.selenium.NoSuchElementException: no such element: Unable to locate element: {"method":"xpath","selector":"//a[@href='/product-list']"}
  (Session info: chrome=92.0.4515.131)
For documentation on this error, please visit: http://seleniumhq.org/exceptions/no_such_element.html
Build info: version: '3.11.0', revision: 'e59cfb3', time: '2018-03-11T20:26:55.152Z'
System info: host: 'DESKTOP-UN79FSK', ip: '192.168.0.7', os.name: 'Windows 8.1', os.arch: 'amd64', os.version: '6.3', java.version: '1.8.0_20'
Driver info: org.openqa.selenium.chrome.ChromeDriver
Capabilities {acceptInsecureCerts: false, browserName: chrome, browserVersion: 92.0.4515.131, chrome: {chromedriverVersion: 92.0.4515.107 (87a818b10553..., userDataDir: C:\Users\Dell\AppData\Local...}, goog:chromeOptions: {debuggerAddress: localhost:55813}, javascriptEnabled: true, networkConnectionEnabled: false, pageLoadStrategy: normal, platform: WINDOWS, platformName: WINDOWS, proxy: Proxy(), setWindowRect: true, strictFileInteractability: false, timeouts: {implicit: 0, pageLoad: 300000, script: 30000}, unhandledPromptBehavior: dismiss and notify, webauthn:extension:credBlob: true, webauthn:extension:largeBlob: true, webauthn:virtualAuthenticators: true}
Session ID: b954ca9dc2b818c982690f899977d0bd
*** Element info: {Using=xpath, value=//a[@href='/product-list']}
at sun.reflect.GeneratedConstructorAccessor73.newInstance(Unknown Source)
at sun.reflect.DelegatingConstructorAccessorImpl.newInstance(DelegatingConstructorAccessorImpl.java:45)
at java.lang.reflect.Constructor.newInstance(Constructor.java:408)
at org.openqa.selenium.remote.http.W3CHttpResponseCodec.createException(W3CHttpResponseCodec.java:185)
at org.openqa.selenium.remote.http.W3CHttpResponseCodec.decode(W3CHttpResponseCodec.java:120)
at org.openqa.selenium.remote.http.W3CHttpResponseCodec.decode(W3CHttpResponseCodec.java:49)
at org.openqa.selenium.remote.HttpCommandExecutor.execute(HttpCommandExecutor.java:164)
at org.openqa.selenium.remote.service.DriverCommandExecutor.execute(DriverCommandExecutor.java:83)
at org.openqa.selenium.remote.RemoteWebDriver.execute(RemoteWebDriver.java:586)
at org.openqa.selenium.remote.RemoteWebDriver.findElement(RemoteWebDriver.java:356)
at org.openqa.selenium.remote.RemoteWebDriver.findElementByXPath(RemoteWebDriver.java:458)
at org.openqa.selenium.By$ByXPath.findElement(By.java:361)
at org.openqa.selenium.remote.RemoteWebDriver.findElement(RemoteWebDriver.java:348)
at org.openqa.selenium.support.pagefactory.DefaultElementLocator.findElement(DefaultElementLocator.java:69)
at org.openqa.selenium.support.pagefactory.internal.LocatingElementHandler.invoke(LocatingElementHandler.java:38)
at com.sun.proxy.$Proxy45.click(Unknown Source)
at platform.pageobjects.Order.Order.select1stCasecProduct(Order.java:357)
at platformstepdefinition.PF_Order.select_1st_product_from_product_list_page(PF_Order.java:34)
at ✽.Select 1st product from product list page(file:///D:/Sopan/Project/Automation/PlatformTesting/platform/./src/test/java/platformfeatures/PF_Order.feature:67)
]]>
            </full-stacktrace>
          </exception> <!-- org.openqa.selenium.NoSuchElementException -->
          <reporter-output>
          </reporter-output>
        </test-method> <!-- runScenario -->
        <test-method status="FAIL" signature="runScenario(io.cucumber.testng.PickleWrapper,io.cucumber.testng.FeatureWrapper)[pri:0, instance:platformrunner.Runner@16fdec90]" name="runScenario" duration-ms="23193" started-at="2021-08-18T18:41:53 IST" description="Runs Cucumber Scenarios" data-provider="scenarios" finished-at="2021-08-18T18:42:16 IST">
          <params>
            <param index="0">
              <value>
                <![CDATA["Validate order with Blank Con store"]]>
              </value>
            </param>
            <param index="1">
              <value>
                <![CDATA["Optional[Validate order flow]"]]>
              </value>
            </param>
          </params>
          <exception class="org.openqa.selenium.NoSuchElementException">
            <message>
              <![CDATA[no such element: Unable to locate element: {"method":"xpath","selector":"//a[@href='/product-list']"}
  (Session info: chrome=92.0.4515.131)
For documentation on this error, please visit: http://seleniumhq.org/exceptions/no_such_element.html
Build info: version: '3.11.0', revision: 'e59cfb3', time: '2018-03-11T20:26:55.152Z'
System info: host: 'DESKTOP-UN79FSK', ip: '192.168.0.7', os.name: 'Windows 8.1', os.arch: 'amd64', os.version: '6.3', java.version: '1.8.0_20'
Driver info: org.openqa.selenium.chrome.ChromeDriver
Capabilities {acceptInsecureCerts: false, browserName: chrome, browserVersion: 92.0.4515.131, chrome: {chromedriverVersion: 92.0.4515.107 (87a818b10553..., userDataDir: C:\Users\Dell\AppData\Local...}, goog:chromeOptions: {debuggerAddress: localhost:55813}, javascriptEnabled: true, networkConnectionEnabled: false, pageLoadStrategy: normal, platform: WINDOWS, platformName: WINDOWS, proxy: Proxy(), setWindowRect: true, strictFileInteractability: false, timeouts: {implicit: 0, pageLoad: 300000, script: 30000}, unhandledPromptBehavior: dismiss and notify, webauthn:extension:credBlob: true, webauthn:extension:largeBlob: true, webauthn:virtualAuthenticators: true}
Session ID: b954ca9dc2b818c982690f899977d0bd
*** Element info: {Using=xpath, value=//a[@href='/product-list']}]]>
            </message>
            <full-stacktrace>
              <![CDATA[org.openqa.selenium.NoSuchElementException: no such element: Unable to locate element: {"method":"xpath","selector":"//a[@href='/product-list']"}
  (Session info: chrome=92.0.4515.131)
For documentation on this error, please visit: http://seleniumhq.org/exceptions/no_such_element.html
Build info: version: '3.11.0', revision: 'e59cfb3', time: '2018-03-11T20:26:55.152Z'
System info: host: 'DESKTOP-UN79FSK', ip: '192.168.0.7', os.name: 'Windows 8.1', os.arch: 'amd64', os.version: '6.3', java.version: '1.8.0_20'
Driver info: org.openqa.selenium.chrome.ChromeDriver
Capabilities {acceptInsecureCerts: false, browserName: chrome, browserVersion: 92.0.4515.131, chrome: {chromedriverVersion: 92.0.4515.107 (87a818b10553..., userDataDir: C:\Users\Dell\AppData\Local...}, goog:chromeOptions: {debuggerAddress: localhost:55813}, javascriptEnabled: true, networkConnectionEnabled: false, pageLoadStrategy: normal, platform: WINDOWS, platformName: WINDOWS, proxy: Proxy(), setWindowRect: true, strictFileInteractability: false, timeouts: {implicit: 0, pageLoad: 300000, script: 30000}, unhandledPromptBehavior: dismiss and notify, webauthn:extension:credBlob: true, webauthn:extension:largeBlob: true, webauthn:virtualAuthenticators: true}
Session ID: b954ca9dc2b818c982690f899977d0bd
*** Element info: {Using=xpath, value=//a[@href='/product-list']}
at sun.reflect.GeneratedConstructorAccessor73.newInstance(Unknown Source)
at sun.reflect.DelegatingConstructorAccessorImpl.newInstance(DelegatingConstructorAccessorImpl.java:45)
at java.lang.reflect.Constructor.newInstance(Constructor.java:408)
at org.openqa.selenium.remote.http.W3CHttpResponseCodec.createException(W3CHttpResponseCodec.java:185)
at org.openqa.selenium.remote.http.W3CHttpResponseCodec.decode(W3CHttpResponseCodec.java:120)
at org.openqa.selenium.remote.http.W3CHttpResponseCodec.decode(W3CHttpResponseCodec.java:49)
at org.openqa.selenium.remote.HttpCommandExecutor.execute(HttpCommandExecutor.java:164)
at org.openqa.selenium.remote.service.DriverCommandExecutor.execute(DriverCommandExecutor.java:83)
at org.openqa.selenium.remote.RemoteWebDriver.execute(RemoteWebDriver.java:586)
at org.openqa.selenium.remote.RemoteWebDriver.findElement(RemoteWebDriver.java:356)
at org.openqa.selenium.remote.RemoteWebDriver.findElementByXPath(RemoteWebDriver.java:458)
at org.openqa.selenium.By$ByXPath.findElement(By.java:361)
at org.openqa.selenium.remote.RemoteWebDriver.findElement(RemoteWebDriver.java:348)
at org.openqa.selenium.support.pagefactory.DefaultElementLocator.findElement(DefaultElementLocator.java:69)
at org.openqa.selenium.support.pagefactory.internal.LocatingElementHandler.invoke(LocatingElementHandler.java:38)
at com.sun.proxy.$Proxy45.click(Unknown Source)
at platform.pageobjects.Order.Order.select1stCasecProduct(Order.java:357)
at platformstepdefinition.PF_Order.select_1st_product_from_product_list_page(PF_Order.java:34)
at ✽.Select 1st product from product list page(file:///D:/Sopan/Project/Automation/PlatformTesting/platform/./src/test/java/platformfeatures/PF_Order.feature:77)
]]>
            </full-stacktrace>
          </exception> <!-- org.openqa.selenium.NoSuchElementException -->
          <reporter-output>
          </reporter-output>
        </test-method> <!-- runScenario -->
        <test-method status="FAIL" signature="runScenario(io.cucumber.testng.PickleWrapper,io.cucumber.testng.FeatureWrapper)[pri:0, instance:platformrunner.Runner@16fdec90]" name="runScenario" duration-ms="39381" started-at="2021-08-18T18:42:17 IST" description="Runs Cucumber Scenarios" data-provider="scenarios" finished-at="2021-08-18T18:42:56 IST">
          <params>
            <param index="0">
              <value>
                <![CDATA["Validate prime with valid Credit Card and check on order history,service you are using and membership page"]]>
              </value>
            </param>
            <param index="1">
              <value>
                <![CDATA["Optional[Validate order flow]"]]>
              </value>
            </param>
          </params>
          <exception class="java.lang.NullPointerException">
            <full-stacktrace>
              <![CDATA[java.lang.NullPointerException
at java.io.StringReader.<init>(StringReader.java:50)
at java.util.Scanner.<init>(Scanner.java:702)
at platform.pageobjects.AccountServices.CreateAccountStep2.convertOTPToList(CreateAccountStep2.java:70)
at platform.pageobjects.AccountServices.CreateAccountStep2.addConfirmationCode(CreateAccountStep2.java:79)
at platformstepdefinition.PF_CreateAccount.enters_confirmation_code(PF_CreateAccount.java:107)
at ✽.enters confirmation code(file:///D:/Sopan/Project/Automation/PlatformTesting/platform/./src/test/java/platformfeatures/PF_Order.feature:90)
]]>
            </full-stacktrace>
          </exception> <!-- java.lang.NullPointerException -->
          <reporter-output>
          </reporter-output>
        </test-method> <!-- runScenario -->
        <test-method status="PASS" signature="runScenario(io.cucumber.testng.PickleWrapper,io.cucumber.testng.FeatureWrapper)[pri:0, instance:platformrunner.Runner@16fdec90]" name="runScenario" duration-ms="66597" started-at="2021-08-18T18:42:56 IST" description="Runs Cucumber Scenarios" data-provider="scenarios" finished-at="2021-08-18T18:44:03 IST">
          <params>
            <param index="0">
              <value>
                <![CDATA["User is clicking on Back button"]]>
              </value>
            </param>
            <param index="1">
              <value>
                <![CDATA["Optional[Withdraw user account]"]]>
              </value>
            </param>
          </params>
          <reporter-output>
          </reporter-output>
        </test-method> <!-- runScenario -->
        <test-method status="PASS" signature="runScenario(io.cucumber.testng.PickleWrapper,io.cucumber.testng.FeatureWrapper)[pri:0, instance:platformrunner.Runner@16fdec90]" name="runScenario" duration-ms="41111" started-at="2021-08-18T18:44:03 IST" description="Runs Cucumber Scenarios" data-provider="scenarios" finished-at="2021-08-18T18:44:44 IST">
          <params>
            <param index="0">
              <value>
                <![CDATA["User is withdrawing the account"]]>
              </value>
            </param>
            <param index="1">
              <value>
                <![CDATA["Optional[Withdraw user account]"]]>
              </value>
            </param>
          </params>
          <reporter-output>
          </reporter-output>
        </test-method> <!-- runScenario -->
        <test-method status="PASS" signature="tearDownClass()[pri:0, instance:platformrunner.Runner@16fdec90]" name="tearDownClass" is-config="true" duration-ms="807" started-at="2021-08-18T18:44:44 IST" finished-at="2021-08-18T18:44:45 IST">
          <reporter-output>
          </reporter-output>
        </test-method> <!-- tearDownClass -->
        <test-method status="PASS" signature="closeBrowser()[pri:0, instance:platformrunner.Runner@16fdec90]" name="closeBrowser" is-config="true" duration-ms="1" started-at="2021-08-18T18:44:45 IST" finished-at="2021-08-18T18:44:45 IST">
          <reporter-output>
          </reporter-output>
        </test-method> <!-- closeBrowser -->
      </class> <!-- platformrunner.Runner -->
    </test> <!-- SingleBrowserTest -->
  </suite> <!-- LocalSingleBrowser -->
</testng-results>
