<?xml version="1.0" encoding="UTF-8"?>
<testng-results ignored="0" total="1" passed="1" failed="0" skipped="0">
  <reporter-output>
  </reporter-output>
  <suite started-at="2021-06-28T10:30:21Z" name="Platform Testing Cucumber Testng" finished-at="2021-06-28T10:30:35Z" duration-ms="14070">
    <groups>
      <group name="cucumber">
        <method signature="AbstractTestNGCucumberTests.feature(cucumber.api.testng.CucumberFeatureWrapper)[pri:0, instance:platformrunner.PlatformTestRunners@530712d]" name="feature" class="cucumber.api.testng.AbstractTestNGCucumberTests"/>
      </group> <!-- cucumber -->
    </groups>
    <test started-at="2021-06-28T10:30:21Z" name="Cucumber Testng" finished-at="2021-06-28T10:30:35Z" duration-ms="14070">
      <class name="platformrunner.PlatformTestRunners">
        <test-method is-config="true" signature="setUpClass()[pri:0, instance:platformrunner.PlatformTestRunners@530712d]" started-at="2021-06-28T16:00:21Z" name="setUpClass" finished-at="2021-06-28T16:00:21Z" duration-ms="355" status="PASS">
          <reporter-output>
          </reporter-output>
        </test-method> <!-- setUpClass -->
        <test-method signature="feature(cucumber.api.testng.CucumberFeatureWrapper)[pri:0, instance:platformrunner.PlatformTestRunners@530712d]" started-at="2021-06-28T16:00:21Z" name="feature" description="Runs Cucumber Feature" data-provider="features" finished-at="2021-06-28T16:00:35Z" duration-ms="13496" status="PASS">
          <params>
            <param index="0">
              <value>
                <![CDATA[Validate new login]]>
              </value>
            </param>
          </params>
          <reporter-output>
          </reporter-output>
        </test-method> <!-- feature -->
        <test-method is-config="true" signature="tearDownClass()[pri:0, instance:platformrunner.PlatformTestRunners@530712d]" started-at="2021-06-28T16:00:35Z" name="tearDownClass" finished-at="2021-06-28T16:00:35Z" duration-ms="70" status="PASS">
          <reporter-output>
          </reporter-output>
        </test-method> <!-- tearDownClass -->
      </class> <!-- platformrunner.PlatformTestRunners -->
    </test> <!-- Cucumber Testng -->
  </suite> <!-- Platform Testing Cucumber Testng -->
</testng-results>
