<?xml version="1.0" encoding="UTF-8"?>
<testng-results ignored="0" total="1" passed="1" failed="0" skipped="0">
  <reporter-output>
  </reporter-output>
  <suite started-at="2021-06-25T03:54:33Z" name="LocalSingleBrowser" finished-at="2021-06-25T03:54:52Z" duration-ms="19417">
    <groups>
    </groups>
    <test started-at="2021-06-25T03:54:33Z" name="SingleBrowserTest" finished-at="2021-06-25T03:54:52Z" duration-ms="19417">
      <class name="testscripts.LoginVerification">
        <test-method is-config="true" signature="initialize()[pri:0, instance:testscripts.LoginVerification@3c0fbd3a]" started-at="2021-06-25T09:24:33Z" name="initialize" finished-at="2021-06-25T09:24:45Z" duration-ms="12221" status="PASS">
          <reporter-output>
          </reporter-output>
        </test-method> <!-- initialize -->
        <test-method signature="loginToPlatform()[pri:0, instance:testscripts.LoginVerification@3c0fbd3a]" started-at="2021-06-25T09:24:45Z" name="loginToPlatform" finished-at="2021-06-25T09:24:51Z" duration-ms="6480" status="PASS">
          <reporter-output>
          </reporter-output>
        </test-method> <!-- loginToPlatform -->
        <test-method is-config="true" signature="tearDown()[pri:0, instance:testscripts.LoginVerification@3c0fbd3a]" started-at="2021-06-25T09:24:51Z" name="tearDown" finished-at="2021-06-25T09:24:52Z" duration-ms="685" status="PASS">
          <reporter-output>
          </reporter-output>
        </test-method> <!-- tearDown -->
        <test-method is-config="true" signature="tearDown()[pri:0, instance:testscripts.LoginVerification@3c0fbd3a]" started-at="2021-06-25T09:24:52Z" name="tearDown" finished-at="2021-06-25T09:24:52Z" duration-ms="1" status="PASS">
          <reporter-output>
          </reporter-output>
        </test-method> <!-- tearDown -->
      </class> <!-- testscripts.LoginVerification -->
    </test> <!-- SingleBrowserTest -->
  </suite> <!-- LocalSingleBrowser -->
</testng-results>
