<?xml version="1.0" encoding="UTF-8"?>
<testng-results ignored="0" total="1" passed="1" failed="0" skipped="0">
  <reporter-output>
  </reporter-output>
  <suite started-at="2021-08-05T11:32:36 IST" name="LocalSingleBrowser" finished-at="2021-08-05T11:33:18 IST" duration-ms="42194">
    <groups>
      <group name="cucumber">
        <method signature="AbstractTestNGCucumberTests.feature(cucumber.api.testng.CucumberFeatureWrapper)[pri:0, instance:platformrunner.Runner@4650a407]" name="feature" class="cucumber.api.testng.AbstractTestNGCucumberTests"/>
      </group> <!-- cucumber -->
    </groups>
    <test started-at="2021-08-05T11:32:36 IST" name="SingleBrowserTest" finished-at="2021-08-05T11:33:18 IST" duration-ms="42194">
      <class name="platformrunner.Runner">
        <test-method is-config="true" signature="setUpClass()[pri:0, instance:platformrunner.Runner@4650a407]" started-at="2021-08-05T11:32:36 IST" name="setUpClass" finished-at="2021-08-05T11:32:36 IST" duration-ms="267" status="PASS">
          <reporter-output>
          </reporter-output>
        </test-method> <!-- setUpClass -->
        <test-method is-config="true" signature="setUpBrowser(java.lang.String,java.lang.String,java.lang.String,java.lang.String)[pri:0, instance:platformrunner.Runner@4650a407]" started-at="2021-08-05T11:32:37 IST" name="setUpBrowser" finished-at="2021-08-05T11:32:52 IST" duration-ms="15411" status="PASS">
          <params>
            <param index="0">
              <value>
                <![CDATA[local]]>
              </value>
            </param>
            <param index="1">
              <value>
                <![CDATA[chrome]]>
              </value>
            </param>
            <param index="2">
              <value is-null="true"/>
            </param>
            <param index="3">
              <value is-null="true"/>
            </param>
          </params>
          <reporter-output>
          </reporter-output>
        </test-method> <!-- setUpBrowser -->
        <test-method signature="feature(cucumber.api.testng.CucumberFeatureWrapper)[pri:0, instance:platformrunner.Runner@4650a407]" started-at="2021-08-05T11:32:52 IST" name="feature" description="Runs Cucumber Feature" data-provider="features" finished-at="2021-08-05T11:33:18 IST" duration-ms="25653" status="PASS">
          <params>
            <param index="0">
              <value>
                <![CDATA[Create account with new user]]>
              </value>
            </param>
          </params>
          <reporter-output>
          </reporter-output>
        </test-method> <!-- feature -->
        <test-method is-config="true" signature="closeBrowser()[pri:0, instance:platformrunner.Runner@4650a407]" started-at="2021-08-05T11:33:18 IST" name="closeBrowser" finished-at="2021-08-05T11:33:18 IST" duration-ms="690" status="PASS">
          <reporter-output>
          </reporter-output>
        </test-method> <!-- closeBrowser -->
        <test-method is-config="true" signature="tearDownClass()[pri:0, instance:platformrunner.Runner@4650a407]" started-at="2021-08-05T11:33:18 IST" name="tearDownClass" finished-at="2021-08-05T11:33:18 IST" duration-ms="49" status="PASS">
          <reporter-output>
          </reporter-output>
        </test-method> <!-- tearDownClass -->
      </class> <!-- platformrunner.Runner -->
    </test> <!-- SingleBrowserTest -->
  </suite> <!-- LocalSingleBrowser -->
</testng-results>
