<?xml version="1.0" encoding="UTF-8"?>
<testng-results ignored="0" total="1" passed="1" failed="0" skipped="0">
  <reporter-output>
  </reporter-output>
  <suite started-at="2021-07-07T11:09:05Z" name="Default suite" finished-at="2021-07-07T11:09:06Z" duration-ms="671">
    <groups>
      <group name="cucumber">
        <method signature="AbstractTestNGCucumberTests.feature(cucumber.api.testng.CucumberFeatureWrapper)[pri:0, instance:platformrunner.BrowserstackRunner@6b8d96d9]" name="feature" class="cucumber.api.testng.AbstractTestNGCucumberTests"/>
      </group> <!-- cucumber -->
    </groups>
    <test started-at="2021-07-07T11:09:05Z" name="Default test" finished-at="2021-07-07T11:09:06Z" duration-ms="671">
      <class name="platformrunner.BrowserstackRunner">
        <test-method is-config="true" signature="setUpClass()[pri:0, instance:platformrunner.BrowserstackRunner@6b8d96d9]" started-at="2021-07-07T16:39:05Z" name="setUpClass" finished-at="2021-07-07T16:39:06Z" duration-ms="338" status="PASS">
          <reporter-output>
          </reporter-output>
        </test-method> <!-- setUpClass -->
        <test-method signature="feature(cucumber.api.testng.CucumberFeatureWrapper)[pri:0, instance:platformrunner.BrowserstackRunner@6b8d96d9]" started-at="2021-07-07T16:39:06Z" name="feature" description="Runs Cucumber Feature" data-provider="features" finished-at="2021-07-07T16:39:06Z" duration-ms="149" status="PASS">
          <params>
            <param index="0">
              <value>
                <![CDATA[Open and close browserstack]]>
              </value>
            </param>
          </params>
          <reporter-output>
          </reporter-output>
        </test-method> <!-- feature -->
        <test-method is-config="true" signature="tearDownClass()[pri:0, instance:platformrunner.BrowserstackRunner@6b8d96d9]" started-at="2021-07-07T16:39:06Z" name="tearDownClass" finished-at="2021-07-07T16:39:06Z" duration-ms="66" status="PASS">
          <reporter-output>
          </reporter-output>
        </test-method> <!-- tearDownClass -->
      </class> <!-- platformrunner.BrowserstackRunner -->
    </test> <!-- Default test -->
  </suite> <!-- Default suite -->
</testng-results>
