<?xml version="1.0" encoding="UTF-8"?>
<testng-results ignored="0" total="1" passed="1" failed="0" skipped="0">
  <reporter-output>
  </reporter-output>
  <suite started-at="2021-07-13T03:58:42Z" name="LocalSingleBrowser" finished-at="2021-07-13T03:58:43Z" duration-ms="1297">
    <groups>
      <group name="cucumber">
        <method signature="AbstractTestNGCucumberTests.feature(cucumber.api.testng.CucumberFeatureWrapper)[pri:0, instance:platformrunner.Runner@4f8969b0]" name="feature" class="cucumber.api.testng.AbstractTestNGCucumberTests"/>
      </group> <!-- cucumber -->
    </groups>
    <test started-at="2021-07-13T03:58:42Z" name="SingleBrowserTest" finished-at="2021-07-13T03:58:43Z" duration-ms="1297">
      <class name="platformrunner.Runner">
        <test-method is-config="true" signature="setUpClass()[pri:0, instance:platformrunner.Runner@4f8969b0]" started-at="2021-07-13T09:28:42Z" name="setUpClass" finished-at="2021-07-13T09:28:42Z" duration-ms="285" status="PASS">
          <reporter-output>
          </reporter-output>
        </test-method> <!-- setUpClass -->
        <test-method signature="feature(cucumber.api.testng.CucumberFeatureWrapper)[pri:0, instance:platformrunner.Runner@4f8969b0]" started-at="2021-07-13T09:28:42Z" name="feature" description="Runs Cucumber Feature" data-provider="features" finished-at="2021-07-13T09:28:43Z" duration-ms="818" status="PASS">
          <params>
            <param index="0">
              <value>
                <![CDATA[Test feature file]]>
              </value>
            </param>
          </params>
          <reporter-output>
          </reporter-output>
        </test-method> <!-- feature -->
        <test-method is-config="true" signature="tearDownClass()[pri:0, instance:platformrunner.Runner@4f8969b0]" started-at="2021-07-13T09:28:43Z" name="tearDownClass" finished-at="2021-07-13T09:28:43Z" duration-ms="72" status="PASS">
          <reporter-output>
          </reporter-output>
        </test-method> <!-- tearDownClass -->
      </class> <!-- platformrunner.Runner -->
    </test> <!-- SingleBrowserTest -->
  </suite> <!-- LocalSingleBrowser -->
</testng-results>
