<?xml version="1.0" encoding="UTF-8"?>
<testng-results ignored="0" total="1" passed="1" failed="0" skipped="0">
  <reporter-output>
  </reporter-output>
  <suite started-at="2021-07-06T10:31:49Z" name="Platform Testing Cucumber Testng" finished-at="2021-07-06T10:32:26Z" duration-ms="37224">
    <groups>
      <group name="cucumber">
        <method signature="AbstractTestNGCucumberTests.feature(cucumber.api.testng.CucumberFeatureWrapper)[pri:0, instance:platformrunner.PlatformTestRunners@2654635]" name="feature" class="cucumber.api.testng.AbstractTestNGCucumberTests"/>
      </group> <!-- cucumber -->
    </groups>
    <test started-at="2021-07-06T10:31:49Z" name="Cucumber Testng" finished-at="2021-07-06T10:32:26Z" duration-ms="37224">
      <class name="platformrunner.PlatformTestRunners">
        <test-method is-config="true" signature="setUpClass()[pri:0, instance:platformrunner.PlatformTestRunners@2654635]" started-at="2021-07-06T16:01:49Z" name="setUpClass" finished-at="2021-07-06T16:01:50Z" duration-ms="461" status="PASS">
          <reporter-output>
          </reporter-output>
        </test-method> <!-- setUpClass -->
        <test-method signature="feature(cucumber.api.testng.CucumberFeatureWrapper)[pri:0, instance:platformrunner.PlatformTestRunners@2654635]" started-at="2021-07-06T16:01:50Z" name="feature" description="Runs Cucumber Feature" data-provider="features" finished-at="2021-07-06T16:02:26Z" duration-ms="36498" status="PASS">
          <params>
            <param index="0">
              <value>
                <![CDATA[Validate new login]]>
              </value>
            </param>
          </params>
          <reporter-output>
          </reporter-output>
        </test-method> <!-- feature -->
        <test-method is-config="true" signature="tearDownClass()[pri:0, instance:platformrunner.PlatformTestRunners@2654635]" started-at="2021-07-06T16:02:26Z" name="tearDownClass" finished-at="2021-07-06T16:02:26Z" duration-ms="74" status="PASS">
          <reporter-output>
          </reporter-output>
        </test-method> <!-- tearDownClass -->
      </class> <!-- platformrunner.PlatformTestRunners -->
    </test> <!-- Cucumber Testng -->
  </suite> <!-- Platform Testing Cucumber Testng -->
</testng-results>
