<?xml version="1.0" encoding="UTF-8"?>
<testng-results skipped="0" failed="2" ignored="0" total="16" passed="14">
  <reporter-output>
  </reporter-output>
  <suite name="LocalSingleBrowser" duration-ms="1468547" started-at="2021-08-17T18:26:27 IST" finished-at="2021-08-17T18:50:55 IST">
    <groups>
      <group name="cucumber">
        <method signature="AbstractTestNGCucumberTests.runScenario(io.cucumber.testng.PickleWrapper,io.cucumber.testng.FeatureWrapper)[pri:0, instance:platformrunner.Runner@16fdec90]" name="runScenario" class="io.cucumber.testng.AbstractTestNGCucumberTests"/>
      </group> <!-- cucumber -->
    </groups>
    <test name="SingleBrowserTest" duration-ms="1468547" started-at="2021-08-17T18:26:27 IST" finished-at="2021-08-17T18:50:55 IST">
      <class name="platformrunner.Runner">
        <test-method status="PASS" signature="setUpBrowser(java.lang.String,java.lang.String,java.lang.String,java.lang.String)[pri:0, instance:platformrunner.Runner@16fdec90]" name="setUpBrowser" is-config="true" duration-ms="148011" started-at="2021-08-17T18:26:27 IST" finished-at="2021-08-17T18:28:55 IST">
          <params>
            <param index="0">
              <value>
                <![CDATA[local]]>
              </value>
            </param>
            <param index="1">
              <value>
                <![CDATA[chrome]]>
              </value>
            </param>
            <param index="2">
              <value is-null="true"/>
            </param>
            <param index="3">
              <value is-null="true"/>
            </param>
          </params>
          <reporter-output>
          </reporter-output>
        </test-method> <!-- setUpBrowser -->
        <test-method status="PASS" signature="setUpClass()[pri:0, instance:platformrunner.Runner@16fdec90]" name="setUpClass" is-config="true" duration-ms="1019" started-at="2021-08-17T18:28:55 IST" finished-at="2021-08-17T18:28:56 IST">
          <reporter-output>
          </reporter-output>
        </test-method> <!-- setUpClass -->
        <test-method status="PASS" signature="runScenario(io.cucumber.testng.PickleWrapper,io.cucumber.testng.FeatureWrapper)[pri:0, instance:platformrunner.Runner@16fdec90]" name="runScenario" duration-ms="304170" started-at="2021-08-17T18:28:56 IST" description="Runs Cucumber Scenarios" data-provider="scenarios" finished-at="2021-08-17T18:34:00 IST">
          <params>
            <param index="0">
              <value>
                <![CDATA["Validate Account information with Valid data"]]>
              </value>
            </param>
            <param index="1">
              <value>
                <![CDATA["Optional[Validate Account information]"]]>
              </value>
            </param>
          </params>
          <reporter-output>
          </reporter-output>
        </test-method> <!-- runScenario -->
        <test-method status="PASS" signature="runScenario(io.cucumber.testng.PickleWrapper,io.cucumber.testng.FeatureWrapper)[pri:0, instance:platformrunner.Runner@16fdec90]" name="runScenario" duration-ms="29466" started-at="2021-08-17T18:34:00 IST" description="Runs Cucumber Scenarios" data-provider="scenarios" finished-at="2021-08-17T18:34:29 IST">
          <params>
            <param index="0">
              <value>
                <![CDATA["Validate Account information  with Invalid data"]]>
              </value>
            </param>
            <param index="1">
              <value>
                <![CDATA["Optional[Validate Account information]"]]>
              </value>
            </param>
          </params>
          <reporter-output>
          </reporter-output>
        </test-method> <!-- runScenario -->
        <test-method status="PASS" signature="runScenario(io.cucumber.testng.PickleWrapper,io.cucumber.testng.FeatureWrapper)[pri:0, instance:platformrunner.Runner@16fdec90]" name="runScenario" duration-ms="33282" started-at="2021-08-17T18:34:29 IST" description="Runs Cucumber Scenarios" data-provider="scenarios" finished-at="2021-08-17T18:35:03 IST">
          <params>
            <param index="0">
              <value>
                <![CDATA["Validate Account information error with Invalid data"]]>
              </value>
            </param>
            <param index="1">
              <value>
                <![CDATA["Optional[Validate Account information]"]]>
              </value>
            </param>
          </params>
          <reporter-output>
          </reporter-output>
        </test-method> <!-- runScenario -->
        <test-method status="PASS" signature="runScenario(io.cucumber.testng.PickleWrapper,io.cucumber.testng.FeatureWrapper)[pri:0, instance:platformrunner.Runner@16fdec90]" name="runScenario" duration-ms="29398" started-at="2021-08-17T18:35:03 IST" description="Runs Cucumber Scenarios" data-provider="scenarios" finished-at="2021-08-17T18:35:32 IST">
          <params>
            <param index="0">
              <value>
                <![CDATA["Validate Missing Values Of Account Information"]]>
              </value>
            </param>
            <param index="1">
              <value>
                <![CDATA["Optional[Validate Account information]"]]>
              </value>
            </param>
          </params>
          <reporter-output>
          </reporter-output>
        </test-method> <!-- runScenario -->
        <test-method status="FAIL" signature="runScenario(io.cucumber.testng.PickleWrapper,io.cucumber.testng.FeatureWrapper)[pri:0, instance:platformrunner.Runner@16fdec90]" name="runScenario" duration-ms="50475" started-at="2021-08-17T18:35:32 IST" description="Runs Cucumber Scenarios" data-provider="scenarios" finished-at="2021-08-17T18:36:23 IST">
          <params>
            <param index="0">
              <value>
                <![CDATA["Validate Invalid Credit Card"]]>
              </value>
            </param>
            <param index="1">
              <value>
                <![CDATA["Optional[Validate Invalid credit card no]"]]>
              </value>
            </param>
          </params>
          <exception class="org.openqa.selenium.NoSuchElementException">
            <message>
              <![CDATA[no such element: Unable to locate element: {"method":"xpath","selector":"//input[@id='cardno']"}
  (Session info: chrome=92.0.4515.131)
For documentation on this error, please visit: http://seleniumhq.org/exceptions/no_such_element.html
Build info: version: '3.11.0', revision: 'e59cfb3', time: '2018-03-11T20:26:55.152Z'
System info: host: 'DESKTOP-UN79FSK', ip: '192.168.0.7', os.name: 'Windows 8.1', os.arch: 'amd64', os.version: '6.3', java.version: '1.8.0_20'
Driver info: org.openqa.selenium.chrome.ChromeDriver
Capabilities {acceptInsecureCerts: false, browserName: chrome, browserVersion: 92.0.4515.131, chrome: {chromedriverVersion: 92.0.4515.107 (87a818b10553..., userDataDir: C:\Users\Dell\AppData\Local...}, goog:chromeOptions: {debuggerAddress: localhost:61147}, javascriptEnabled: true, networkConnectionEnabled: false, pageLoadStrategy: normal, platform: WINDOWS, platformName: WINDOWS, proxy: Proxy(), setWindowRect: true, strictFileInteractability: false, timeouts: {implicit: 0, pageLoad: 300000, script: 30000}, unhandledPromptBehavior: dismiss and notify, webauthn:extension:credBlob: true, webauthn:extension:largeBlob: true, webauthn:virtualAuthenticators: true}
Session ID: 9e023543eeeb39f6f511d7f40a88815f
*** Element info: {Using=xpath, value=//input[@id='cardno']}]]>
            </message>
            <full-stacktrace>
              <![CDATA[org.openqa.selenium.NoSuchElementException: no such element: Unable to locate element: {"method":"xpath","selector":"//input[@id='cardno']"}
  (Session info: chrome=92.0.4515.131)
For documentation on this error, please visit: http://seleniumhq.org/exceptions/no_such_element.html
Build info: version: '3.11.0', revision: 'e59cfb3', time: '2018-03-11T20:26:55.152Z'
System info: host: 'DESKTOP-UN79FSK', ip: '192.168.0.7', os.name: 'Windows 8.1', os.arch: 'amd64', os.version: '6.3', java.version: '1.8.0_20'
Driver info: org.openqa.selenium.chrome.ChromeDriver
Capabilities {acceptInsecureCerts: false, browserName: chrome, browserVersion: 92.0.4515.131, chrome: {chromedriverVersion: 92.0.4515.107 (87a818b10553..., userDataDir: C:\Users\Dell\AppData\Local...}, goog:chromeOptions: {debuggerAddress: localhost:61147}, javascriptEnabled: true, networkConnectionEnabled: false, pageLoadStrategy: normal, platform: WINDOWS, platformName: WINDOWS, proxy: Proxy(), setWindowRect: true, strictFileInteractability: false, timeouts: {implicit: 0, pageLoad: 300000, script: 30000}, unhandledPromptBehavior: dismiss and notify, webauthn:extension:credBlob: true, webauthn:extension:largeBlob: true, webauthn:virtualAuthenticators: true}
Session ID: 9e023543eeeb39f6f511d7f40a88815f
*** Element info: {Using=xpath, value=//input[@id='cardno']}
at sun.reflect.GeneratedConstructorAccessor77.newInstance(Unknown Source)
at sun.reflect.DelegatingConstructorAccessorImpl.newInstance(DelegatingConstructorAccessorImpl.java:45)
at java.lang.reflect.Constructor.newInstance(Constructor.java:408)
at org.openqa.selenium.remote.http.W3CHttpResponseCodec.createException(W3CHttpResponseCodec.java:185)
at org.openqa.selenium.remote.http.W3CHttpResponseCodec.decode(W3CHttpResponseCodec.java:120)
at org.openqa.selenium.remote.http.W3CHttpResponseCodec.decode(W3CHttpResponseCodec.java:49)
at org.openqa.selenium.remote.HttpCommandExecutor.execute(HttpCommandExecutor.java:164)
at org.openqa.selenium.remote.service.DriverCommandExecutor.execute(DriverCommandExecutor.java:83)
at org.openqa.selenium.remote.RemoteWebDriver.execute(RemoteWebDriver.java:586)
at org.openqa.selenium.remote.RemoteWebDriver.findElement(RemoteWebDriver.java:356)
at org.openqa.selenium.remote.RemoteWebDriver.findElementByXPath(RemoteWebDriver.java:458)
at org.openqa.selenium.By$ByXPath.findElement(By.java:361)
at org.openqa.selenium.remote.RemoteWebDriver.findElement(RemoteWebDriver.java:348)
at org.openqa.selenium.support.pagefactory.DefaultElementLocator.findElement(DefaultElementLocator.java:69)
at org.openqa.selenium.support.pagefactory.internal.LocatingElementHandler.invoke(LocatingElementHandler.java:38)
at com.sun.proxy.$Proxy45.sendKeys(Unknown Source)
at platform.pageobjects.MyPage.InvalidCC.InValidCreditcard(InvalidCC.java:91)
at platformstepdefinition.PF_InvalidCC.Enters_credit_card_details(PF_InvalidCC.java:50)
at ✽.Enters invalid credit card details(file:///D:/Sopan/Project/Automation/PlatformTesting/platform/./src/test/java/platformfeatures/PF_InvalidCC.feature:10)
]]>
            </full-stacktrace>
          </exception> <!-- org.openqa.selenium.NoSuchElementException -->
          <reporter-output>
          </reporter-output>
        </test-method> <!-- runScenario -->
        <test-method status="PASS" signature="runScenario(io.cucumber.testng.PickleWrapper,io.cucumber.testng.FeatureWrapper)[pri:0, instance:platformrunner.Runner@16fdec90]" name="runScenario" duration-ms="28520" started-at="2021-08-17T18:36:23 IST" description="Runs Cucumber Scenarios" data-provider="scenarios" finished-at="2021-08-17T18:36:51 IST">
          <params>
            <param index="0">
              <value>
                <![CDATA["Validate Membership Status information"]]>
              </value>
            </param>
            <param index="1">
              <value>
                <![CDATA["Optional[Validate Membership Status information]"]]>
              </value>
            </param>
          </params>
          <reporter-output>
          </reporter-output>
        </test-method> <!-- runScenario -->
        <test-method status="PASS" signature="runScenario(io.cucumber.testng.PickleWrapper,io.cucumber.testng.FeatureWrapper)[pri:0, instance:platformrunner.Runner@16fdec90]" name="runScenario" duration-ms="14403" started-at="2021-08-17T18:36:51 IST" description="Runs Cucumber Scenarios" data-provider="scenarios" finished-at="2021-08-17T18:37:06 IST">
          <params>
            <param index="0">
              <value>
                <![CDATA["Validate Membership Status information"]]>
              </value>
            </param>
            <param index="1">
              <value>
                <![CDATA["Optional[Validate Membership Status information]"]]>
              </value>
            </param>
          </params>
          <reporter-output>
          </reporter-output>
        </test-method> <!-- runScenario -->
        <test-method status="PASS" signature="runScenario(io.cucumber.testng.PickleWrapper,io.cucumber.testng.FeatureWrapper)[pri:0, instance:platformrunner.Runner@16fdec90]" name="runScenario" duration-ms="20055" started-at="2021-08-17T18:37:06 IST" description="Runs Cucumber Scenarios" data-provider="scenarios" finished-at="2021-08-17T18:37:26 IST">
          <params>
            <param index="0">
              <value>
                <![CDATA["Validate Free and Prime Membership Plan Details"]]>
              </value>
            </param>
            <param index="1">
              <value>
                <![CDATA["Optional[Validate Membership Status information]"]]>
              </value>
            </param>
          </params>
          <reporter-output>
          </reporter-output>
        </test-method> <!-- runScenario -->
        <test-method status="PASS" signature="runScenario(io.cucumber.testng.PickleWrapper,io.cucumber.testng.FeatureWrapper)[pri:0, instance:platformrunner.Runner@16fdec90]" name="runScenario" duration-ms="171271" started-at="2021-08-17T18:37:26 IST" description="Runs Cucumber Scenarios" data-provider="scenarios" finished-at="2021-08-17T18:40:17 IST">
          <params>
            <param index="0">
              <value>
                <![CDATA["Validate order with Existing valid Credit Card"]]>
              </value>
            </param>
            <param index="1">
              <value>
                <![CDATA["Optional[Validate order flow]"]]>
              </value>
            </param>
          </params>
          <reporter-output>
          </reporter-output>
        </test-method> <!-- runScenario -->
        <test-method status="PASS" signature="runScenario(io.cucumber.testng.PickleWrapper,io.cucumber.testng.FeatureWrapper)[pri:0, instance:platformrunner.Runner@16fdec90]" name="runScenario" duration-ms="117835" started-at="2021-08-17T18:40:17 IST" description="Runs Cucumber Scenarios" data-provider="scenarios" finished-at="2021-08-17T18:42:15 IST">
          <params>
            <param index="0">
              <value>
                <![CDATA["Validate order with valid Credit Card"]]>
              </value>
            </param>
            <param index="1">
              <value>
                <![CDATA["Optional[Validate order flow]"]]>
              </value>
            </param>
          </params>
          <reporter-output>
          </reporter-output>
        </test-method> <!-- runScenario -->
        <test-method status="PASS" signature="runScenario(io.cucumber.testng.PickleWrapper,io.cucumber.testng.FeatureWrapper)[pri:0, instance:platformrunner.Runner@16fdec90]" name="runScenario" duration-ms="68271" started-at="2021-08-17T18:42:15 IST" description="Runs Cucumber Scenarios" data-provider="scenarios" finished-at="2021-08-17T18:43:23 IST">
          <params>
            <param index="0">
              <value>
                <![CDATA["Validate order with In valid Credit Card"]]>
              </value>
            </param>
            <param index="1">
              <value>
                <![CDATA["Optional[Validate order flow]"]]>
              </value>
            </param>
          </params>
          <reporter-output>
          </reporter-output>
        </test-method> <!-- runScenario -->
        <test-method status="PASS" signature="runScenario(io.cucumber.testng.PickleWrapper,io.cucumber.testng.FeatureWrapper)[pri:0, instance:platformrunner.Runner@16fdec90]" name="runScenario" duration-ms="55151" started-at="2021-08-17T18:43:23 IST" description="Runs Cucumber Scenarios" data-provider="scenarios" finished-at="2021-08-17T18:44:18 IST">
          <params>
            <param index="0">
              <value>
                <![CDATA["Validate order with Blank valid Credit Card"]]>
              </value>
            </param>
            <param index="1">
              <value>
                <![CDATA["Optional[Validate order flow]"]]>
              </value>
            </param>
          </params>
          <reporter-output>
          </reporter-output>
        </test-method> <!-- runScenario -->
        <test-method status="PASS" signature="runScenario(io.cucumber.testng.PickleWrapper,io.cucumber.testng.FeatureWrapper)[pri:0, instance:platformrunner.Runner@16fdec90]" name="runScenario" duration-ms="83789" started-at="2021-08-17T18:44:18 IST" description="Runs Cucumber Scenarios" data-provider="scenarios" finished-at="2021-08-17T18:45:42 IST">
          <params>
            <param index="0">
              <value>
                <![CDATA["Validate order with valid con store"]]>
              </value>
            </param>
            <param index="1">
              <value>
                <![CDATA["Optional[Validate order flow]"]]>
              </value>
            </param>
          </params>
          <reporter-output>
          </reporter-output>
        </test-method> <!-- runScenario -->
        <test-method status="PASS" signature="runScenario(io.cucumber.testng.PickleWrapper,io.cucumber.testng.FeatureWrapper)[pri:0, instance:platformrunner.Runner@16fdec90]" name="runScenario" duration-ms="58662" started-at="2021-08-17T18:45:42 IST" description="Runs Cucumber Scenarios" data-provider="scenarios" finished-at="2021-08-17T18:46:41 IST">
          <params>
            <param index="0">
              <value>
                <![CDATA["Validate order with invalid con store"]]>
              </value>
            </param>
            <param index="1">
              <value>
                <![CDATA["Optional[Validate order flow]"]]>
              </value>
            </param>
          </params>
          <reporter-output>
          </reporter-output>
        </test-method> <!-- runScenario -->
        <test-method status="PASS" signature="runScenario(io.cucumber.testng.PickleWrapper,io.cucumber.testng.FeatureWrapper)[pri:0, instance:platformrunner.Runner@16fdec90]" name="runScenario" duration-ms="61393" started-at="2021-08-17T18:46:41 IST" description="Runs Cucumber Scenarios" data-provider="scenarios" finished-at="2021-08-17T18:47:42 IST">
          <params>
            <param index="0">
              <value>
                <![CDATA["Validate order with Blank Con store"]]>
              </value>
            </param>
            <param index="1">
              <value>
                <![CDATA["Optional[Validate order flow]"]]>
              </value>
            </param>
          </params>
          <reporter-output>
          </reporter-output>
        </test-method> <!-- runScenario -->
        <test-method status="FAIL" signature="runScenario(io.cucumber.testng.PickleWrapper,io.cucumber.testng.FeatureWrapper)[pri:0, instance:platformrunner.Runner@16fdec90]" name="runScenario" duration-ms="191959" started-at="2021-08-17T18:47:42 IST" description="Runs Cucumber Scenarios" data-provider="scenarios" finished-at="2021-08-17T18:50:54 IST">
          <params>
            <param index="0">
              <value>
                <![CDATA["Validate prime with valid Credit Card and check on order history,service you are using and membership page"]]>
              </value>
            </param>
            <param index="1">
              <value>
                <![CDATA["Optional[Validate order flow]"]]>
              </value>
            </param>
          </params>
          <exception class="org.openqa.selenium.NoSuchElementException">
            <message>
              <![CDATA[no such element: Unable to locate element: {"method":"xpath","selector":"//div[@class='box-order-confirm__des']//p[2]"}
  (Session info: chrome=92.0.4515.131)
For documentation on this error, please visit: http://seleniumhq.org/exceptions/no_such_element.html
Build info: version: '3.11.0', revision: 'e59cfb3', time: '2018-03-11T20:26:55.152Z'
System info: host: 'DESKTOP-UN79FSK', ip: '192.168.0.7', os.name: 'Windows 8.1', os.arch: 'amd64', os.version: '6.3', java.version: '1.8.0_20'
Driver info: org.openqa.selenium.chrome.ChromeDriver
Capabilities {acceptInsecureCerts: false, browserName: chrome, browserVersion: 92.0.4515.131, chrome: {chromedriverVersion: 92.0.4515.107 (87a818b10553..., userDataDir: C:\Users\Dell\AppData\Local...}, goog:chromeOptions: {debuggerAddress: localhost:61147}, javascriptEnabled: true, networkConnectionEnabled: false, pageLoadStrategy: normal, platform: WINDOWS, platformName: WINDOWS, proxy: Proxy(), setWindowRect: true, strictFileInteractability: false, timeouts: {implicit: 0, pageLoad: 300000, script: 30000}, unhandledPromptBehavior: dismiss and notify, webauthn:extension:credBlob: true, webauthn:extension:largeBlob: true, webauthn:virtualAuthenticators: true}
Session ID: 9e023543eeeb39f6f511d7f40a88815f
*** Element info: {Using=xpath, value=//div[@class='box-order-confirm__des']//p[2]}]]>
            </message>
            <full-stacktrace>
              <![CDATA[org.openqa.selenium.NoSuchElementException: no such element: Unable to locate element: {"method":"xpath","selector":"//div[@class='box-order-confirm__des']//p[2]"}
  (Session info: chrome=92.0.4515.131)
For documentation on this error, please visit: http://seleniumhq.org/exceptions/no_such_element.html
Build info: version: '3.11.0', revision: 'e59cfb3', time: '2018-03-11T20:26:55.152Z'
System info: host: 'DESKTOP-UN79FSK', ip: '192.168.0.7', os.name: 'Windows 8.1', os.arch: 'amd64', os.version: '6.3', java.version: '1.8.0_20'
Driver info: org.openqa.selenium.chrome.ChromeDriver
Capabilities {acceptInsecureCerts: false, browserName: chrome, browserVersion: 92.0.4515.131, chrome: {chromedriverVersion: 92.0.4515.107 (87a818b10553..., userDataDir: C:\Users\Dell\AppData\Local...}, goog:chromeOptions: {debuggerAddress: localhost:61147}, javascriptEnabled: true, networkConnectionEnabled: false, pageLoadStrategy: normal, platform: WINDOWS, platformName: WINDOWS, proxy: Proxy(), setWindowRect: true, strictFileInteractability: false, timeouts: {implicit: 0, pageLoad: 300000, script: 30000}, unhandledPromptBehavior: dismiss and notify, webauthn:extension:credBlob: true, webauthn:extension:largeBlob: true, webauthn:virtualAuthenticators: true}
Session ID: 9e023543eeeb39f6f511d7f40a88815f
*** Element info: {Using=xpath, value=//div[@class='box-order-confirm__des']//p[2]}
at sun.reflect.GeneratedConstructorAccessor77.newInstance(Unknown Source)
at sun.reflect.DelegatingConstructorAccessorImpl.newInstance(DelegatingConstructorAccessorImpl.java:45)
at java.lang.reflect.Constructor.newInstance(Constructor.java:408)
at org.openqa.selenium.remote.http.W3CHttpResponseCodec.createException(W3CHttpResponseCodec.java:185)
at org.openqa.selenium.remote.http.W3CHttpResponseCodec.decode(W3CHttpResponseCodec.java:120)
at org.openqa.selenium.remote.http.W3CHttpResponseCodec.decode(W3CHttpResponseCodec.java:49)
at org.openqa.selenium.remote.HttpCommandExecutor.execute(HttpCommandExecutor.java:164)
at org.openqa.selenium.remote.service.DriverCommandExecutor.execute(DriverCommandExecutor.java:83)
at org.openqa.selenium.remote.RemoteWebDriver.execute(RemoteWebDriver.java:586)
at org.openqa.selenium.remote.RemoteWebDriver.findElement(RemoteWebDriver.java:356)
at org.openqa.selenium.remote.RemoteWebDriver.findElementByXPath(RemoteWebDriver.java:458)
at org.openqa.selenium.By$ByXPath.findElement(By.java:361)
at org.openqa.selenium.remote.RemoteWebDriver.findElement(RemoteWebDriver.java:348)
at org.openqa.selenium.support.pagefactory.DefaultElementLocator.findElement(DefaultElementLocator.java:69)
at org.openqa.selenium.support.pagefactory.internal.LocatingElementHandler.invoke(LocatingElementHandler.java:38)
at com.sun.proxy.$Proxy45.getText(Unknown Source)
at platform.pageobjects.Order.Order.comparePrimeDataOnOrderStep2(Order.java:736)
at platformstepdefinition.PF_Order.compare_prime_data_on_order_step_2_page(PF_Order.java:69)
at ✽.Compare Prime Data On Order Step 2 Page(file:///D:/Sopan/Project/Automation/PlatformTesting/platform/./src/test/java/platformfeatures/PF_Order.feature:99)
]]>
            </full-stacktrace>
          </exception> <!-- org.openqa.selenium.NoSuchElementException -->
          <reporter-output>
          </reporter-output>
        </test-method> <!-- runScenario -->
        <test-method status="PASS" signature="tearDownClass()[pri:0, instance:platformrunner.Runner@16fdec90]" name="tearDownClass" is-config="true" duration-ms="791" started-at="2021-08-17T18:50:54 IST" finished-at="2021-08-17T18:50:55 IST">
          <reporter-output>
          </reporter-output>
        </test-method> <!-- tearDownClass -->
        <test-method status="PASS" signature="closeBrowser()[pri:0, instance:platformrunner.Runner@16fdec90]" name="closeBrowser" is-config="true" duration-ms="2" started-at="2021-08-17T18:50:55 IST" finished-at="2021-08-17T18:50:55 IST">
          <reporter-output>
          </reporter-output>
        </test-method> <!-- closeBrowser -->
      </class> <!-- platformrunner.Runner -->
    </test> <!-- SingleBrowserTest -->
  </suite> <!-- LocalSingleBrowser -->
</testng-results>
