<?xml version="1.0" encoding="UTF-8"?>
<testng-results skipped="0" failed="1" ignored="0" total="1" passed="0">
  <reporter-output>
  </reporter-output>
  <suite name="LocalSingleBrowser" duration-ms="146429" started-at="2021-08-04T19:11:07 IST" finished-at="2021-08-04T19:13:33 IST">
    <groups>
      <group name="cucumber">
        <method signature="AbstractTestNGCucumberTests.feature(cucumber.api.testng.CucumberFeatureWrapper)[pri:0, instance:platformrunner.Runner@6d64b553]" name="feature" class="cucumber.api.testng.AbstractTestNGCucumberTests"/>
      </group> <!-- cucumber -->
    </groups>
    <test name="SingleBrowserTest" duration-ms="146429" started-at="2021-08-04T19:11:07 IST" finished-at="2021-08-04T19:13:33 IST">
      <class name="platformrunner.Runner">
        <test-method status="PASS" signature="setUpClass()[pri:0, instance:platformrunner.Runner@6d64b553]" name="setUpClass" is-config="true" duration-ms="250" started-at="2021-08-04T19:11:07 IST" finished-at="2021-08-04T19:11:07 IST">
          <reporter-output>
          </reporter-output>
        </test-method> <!-- setUpClass -->
        <test-method status="PASS" signature="setUpBrowser(java.lang.String,java.lang.String,java.lang.String,java.lang.String)[pri:0, instance:platformrunner.Runner@6d64b553]" name="setUpBrowser" is-config="true" duration-ms="37360" started-at="2021-08-04T19:11:07 IST" finished-at="2021-08-04T19:11:45 IST">
          <params>
            <param index="0">
              <value>
                <![CDATA[local]]>
              </value>
            </param>
            <param index="1">
              <value>
                <![CDATA[chrome]]>
              </value>
            </param>
            <param index="2">
              <value is-null="true"/>
            </param>
            <param index="3">
              <value is-null="true"/>
            </param>
          </params>
          <reporter-output>
          </reporter-output>
        </test-method> <!-- setUpBrowser -->
        <test-method status="FAIL" signature="feature(cucumber.api.testng.CucumberFeatureWrapper)[pri:0, instance:platformrunner.Runner@6d64b553]" name="feature" duration-ms="107725" started-at="2021-08-04T19:11:45 IST" description="Runs Cucumber Feature" data-provider="features" finished-at="2021-08-04T19:13:33 IST">
          <params>
            <param index="0">
              <value>
                <![CDATA[Validate Account information]]>
              </value>
            </param>
          </params>
          <exception class="cucumber.runtime.CucumberException">
            <message>
              <![CDATA[org.junit.ComparisonFailure: expected:<[
]郵便番号形式で入力してください。> but was:<[]郵便番号形式で入力してください。>]]>
            </message>
            <full-stacktrace>
              <![CDATA[cucumber.runtime.CucumberException: org.junit.ComparisonFailure: expected:<[
]郵便番号形式で入力してください。> but was:<[]郵便番号形式で入力してください。>
at cucumber.api.testng.TestNGCucumberRunner.runCucumber(TestNGCucumberRunner.java:69)
at cucumber.api.testng.AbstractTestNGCucumberTests.feature(AbstractTestNGCucumberTests.java:21)
at sun.reflect.NativeMethodAccessorImpl.invoke0(Native Method)
at sun.reflect.NativeMethodAccessorImpl.invoke(NativeMethodAccessorImpl.java:62)
at sun.reflect.DelegatingMethodAccessorImpl.invoke(DelegatingMethodAccessorImpl.java:43)
at java.lang.reflect.Method.invoke(Method.java:483)
at org.testng.internal.MethodInvocationHelper.invokeMethod(MethodInvocationHelper.java:133)
at org.testng.internal.TestInvoker.invokeMethod(TestInvoker.java:598)
at org.testng.internal.TestInvoker.invokeTestMethod(TestInvoker.java:173)
at org.testng.internal.MethodRunner.runInSequence(MethodRunner.java:46)
at org.testng.internal.TestInvoker$MethodInvocationAgent.invoke(TestInvoker.java:824)
at org.testng.internal.TestInvoker.invokeTestMethods(TestInvoker.java:146)
at org.testng.internal.TestMethodWorker.invokeTestMethods(TestMethodWorker.java:146)
at org.testng.internal.TestMethodWorker.run(TestMethodWorker.java:128)
at org.testng.TestRunner$$Lambda$100/1766898791.accept(Unknown Source)
at java.util.ArrayList.forEach(ArrayList.java:1249)
at org.testng.TestRunner.privateRun(TestRunner.java:794)
at org.testng.TestRunner.run(TestRunner.java:596)
at org.testng.SuiteRunner.runTest(SuiteRunner.java:377)
at org.testng.SuiteRunner.access$000(SuiteRunner.java:28)
at org.testng.SuiteRunner$SuiteWorker.run(SuiteRunner.java:418)
at org.testng.internal.thread.ThreadUtil.lambda$execute$0(ThreadUtil.java:64)
at org.testng.internal.thread.ThreadUtil$$Lambda$87/824900551.call(Unknown Source)
at java.util.concurrent.FutureTask.run(FutureTask.java:266)
at java.util.concurrent.ThreadPoolExecutor.runWorker(ThreadPoolExecutor.java:1142)
at java.util.concurrent.ThreadPoolExecutor$Worker.run(ThreadPoolExecutor.java:617)
at java.lang.Thread.run(Thread.java:745)
Caused by: org.junit.ComparisonFailure: expected:<[
]郵便番号形式で入力してください。> but was:<[]郵便番号形式で入力してください。>
at org.junit.Assert.assertEquals(Assert.java:115)
at org.junit.Assert.assertEquals(Assert.java:144)
at platform.pageobjects.MyPage.AccountAndSecurity.Validate_Updated_Invalid_Account_Information(AccountAndSecurity.java:448)
at platform.pageobjects.MyPage.AccountAndSecurity.ReceiveNotificationsByMailInfoInavlidData(AccountAndSecurity.java:406)
at platform.pageobjects.MyPage.AccountAndSecurity.UpdateAccountAndSecurityInavlidInformation(AccountAndSecurity.java:308)
at platformstepdefinition.PF_AccountAndSecurity.Update_Invalid_Account_Information(PF_AccountAndSecurity.java:51)
at ✽.And Update and Validate Invalid Account Information(PF_AccountAndSecurity.feature:19)
]]>
            </full-stacktrace>
          </exception> <!-- cucumber.runtime.CucumberException -->
          <reporter-output>
          </reporter-output>
        </test-method> <!-- feature -->
        <test-method status="PASS" signature="closeBrowser()[pri:0, instance:platformrunner.Runner@6d64b553]" name="closeBrowser" is-config="true" duration-ms="672" started-at="2021-08-04T19:13:33 IST" finished-at="2021-08-04T19:13:33 IST">
          <reporter-output>
          </reporter-output>
        </test-method> <!-- closeBrowser -->
        <test-method status="PASS" signature="tearDownClass()[pri:0, instance:platformrunner.Runner@6d64b553]" name="tearDownClass" is-config="true" duration-ms="92" started-at="2021-08-04T19:13:33 IST" finished-at="2021-08-04T19:13:33 IST">
          <reporter-output>
          </reporter-output>
        </test-method> <!-- tearDownClass -->
      </class> <!-- platformrunner.Runner -->
    </test> <!-- SingleBrowserTest -->
  </suite> <!-- LocalSingleBrowser -->
</testng-results>
