<?xml version="1.0" encoding="UTF-8"?>
<testng-results ignored="0" total="1" passed="1" failed="0" skipped="0">
  <reporter-output>
  </reporter-output>
  <suite started-at="2021-07-23T03:51:23Z" name="LocalSingleBrowser" finished-at="2021-07-23T03:52:11Z" duration-ms="48403">
    <groups>
      <group name="cucumber">
        <method signature="AbstractTestNGCucumberTests.feature(cucumber.api.testng.CucumberFeatureWrapper)[pri:0, instance:platformrunner.Runner@50687efb]" name="feature" class="cucumber.api.testng.AbstractTestNGCucumberTests"/>
      </group> <!-- cucumber -->
    </groups>
    <test started-at="2021-07-23T03:51:23Z" name="SingleBrowserTest" finished-at="2021-07-23T03:52:11Z" duration-ms="48403">
      <class name="platformrunner.Runner">
        <test-method is-config="true" signature="setUpBrowser(java.lang.String, java.lang.String, java.lang.String, java.lang.String)[pri:0, instance:platformrunner.Runner@50687efb]" started-at="2021-07-23T09:21:23Z" name="setUpBrowser" finished-at="2021-07-23T09:21:36Z" duration-ms="13336" status="PASS">
          <params>
            <param index="0">
              <value>
                <![CDATA[local]]>
              </value>
            </param>
            <param index="1">
              <value>
                <![CDATA[chrome]]>
              </value>
            </param>
            <param index="2">
              <value is-null="true"/>
            </param>
            <param index="3">
              <value is-null="true"/>
            </param>
          </params>
          <reporter-output>
          </reporter-output>
        </test-method> <!-- setUpBrowser -->
        <test-method is-config="true" signature="setUpClass()[pri:0, instance:platformrunner.Runner@50687efb]" started-at="2021-07-23T09:21:36Z" name="setUpClass" finished-at="2021-07-23T09:21:37Z" duration-ms="229" status="PASS">
          <reporter-output>
          </reporter-output>
        </test-method> <!-- setUpClass -->
        <test-method signature="feature(cucumber.api.testng.CucumberFeatureWrapper)[pri:0, instance:platformrunner.Runner@50687efb]" started-at="2021-07-23T09:21:37Z" name="feature" description="Runs Cucumber Feature" data-provider="features" finished-at="2021-07-23T09:22:11Z" duration-ms="34639" status="PASS">
          <params>
            <param index="0">
              <value>
                <![CDATA[Create account with new user]]>
              </value>
            </param>
          </params>
          <reporter-output>
          </reporter-output>
        </test-method> <!-- feature -->
        <test-method is-config="true" signature="tearDownClass()[pri:0, instance:platformrunner.Runner@50687efb]" started-at="2021-07-23T09:22:11Z" name="tearDownClass" finished-at="2021-07-23T09:22:11Z" duration-ms="80" status="PASS">
          <reporter-output>
          </reporter-output>
        </test-method> <!-- tearDownClass -->
      </class> <!-- platformrunner.Runner -->
    </test> <!-- SingleBrowserTest -->
  </suite> <!-- LocalSingleBrowser -->
</testng-results>
