<?xml version="1.0" encoding="UTF-8"?>
<testng-results ignored="0" total="1" passed="1" failed="0" skipped="0">
  <reporter-output>
  </reporter-output>
  <suite started-at="2021-07-06T09:56:55Z" name="Platform Testing Cucumber Testng" finished-at="2021-07-06T09:57:12Z" duration-ms="17236">
    <groups>
      <group name="cucumber">
        <method signature="AbstractTestNGCucumberTests.feature(cucumber.api.testng.CucumberFeatureWrapper)[pri:0, instance:platformrunner.PlatformTestRunners@2654635]" name="feature" class="cucumber.api.testng.AbstractTestNGCucumberTests"/>
      </group> <!-- cucumber -->
    </groups>
    <test started-at="2021-07-06T09:56:55Z" name="Cucumber Testng" finished-at="2021-07-06T09:57:12Z" duration-ms="17236">
      <class name="platformrunner.PlatformTestRunners">
        <test-method is-config="true" signature="setUpClass()[pri:0, instance:platformrunner.PlatformTestRunners@2654635]" started-at="2021-07-06T15:26:55Z" name="setUpClass" finished-at="2021-07-06T15:26:55Z" duration-ms="474" status="PASS">
          <reporter-output>
          </reporter-output>
        </test-method> <!-- setUpClass -->
        <test-method signature="feature(cucumber.api.testng.CucumberFeatureWrapper)[pri:0, instance:platformrunner.PlatformTestRunners@2654635]" started-at="2021-07-06T15:26:55Z" name="feature" description="Runs Cucumber Feature" data-provider="features" finished-at="2021-07-06T15:27:12Z" duration-ms="16420" status="PASS">
          <params>
            <param index="0">
              <value>
                <![CDATA[Validate new login]]>
              </value>
            </param>
          </params>
          <reporter-output>
          </reporter-output>
        </test-method> <!-- feature -->
        <test-method is-config="true" signature="tearDownClass()[pri:0, instance:platformrunner.PlatformTestRunners@2654635]" started-at="2021-07-06T15:27:12Z" name="tearDownClass" finished-at="2021-07-06T15:27:12Z" duration-ms="125" status="PASS">
          <reporter-output>
          </reporter-output>
        </test-method> <!-- tearDownClass -->
      </class> <!-- platformrunner.PlatformTestRunners -->
    </test> <!-- Cucumber Testng -->
  </suite> <!-- Platform Testing Cucumber Testng -->
</testng-results>
