<?xml version="1.0" encoding="UTF-8"?>
<testng-results ignored="0" total="1" passed="1" failed="0" skipped="0">
  <reporter-output>
  </reporter-output>
  <suite started-at="2021-07-09T11:16:07Z" name="Default suite" finished-at="2021-07-09T11:16:23Z" duration-ms="16027">
    <groups>
      <group name="cucumber">
        <method signature="AbstractTestNGCucumberTests.feature(cucumber.api.testng.CucumberFeatureWrapper)[pri:0, instance:platformrunner.BrowserstackRunner@604c5de8]" name="feature" class="cucumber.api.testng.AbstractTestNGCucumberTests"/>
      </group> <!-- cucumber -->
    </groups>
    <test started-at="2021-07-09T11:16:07Z" name="Default test" finished-at="2021-07-09T11:16:23Z" duration-ms="16027">
      <class name="platformrunner.BrowserstackRunner">
        <test-method is-config="true" signature="setUpClass()[pri:0, instance:platformrunner.BrowserstackRunner@604c5de8]" started-at="2021-07-09T16:46:07Z" name="setUpClass" finished-at="2021-07-09T16:46:08Z" duration-ms="527" status="PASS">
          <reporter-output>
          </reporter-output>
        </test-method> <!-- setUpClass -->
        <test-method signature="feature(cucumber.api.testng.CucumberFeatureWrapper)[pri:0, instance:platformrunner.BrowserstackRunner@604c5de8]" started-at="2021-07-09T16:46:08Z" name="feature" description="Runs Cucumber Feature" data-provider="features" finished-at="2021-07-09T16:46:23Z" duration-ms="15259" status="PASS">
          <params>
            <param index="0">
              <value>
                <![CDATA[Open and close browserstack]]>
              </value>
            </param>
          </params>
          <reporter-output>
          </reporter-output>
        </test-method> <!-- feature -->
        <test-method is-config="true" signature="tearDownClass()[pri:0, instance:platformrunner.BrowserstackRunner@604c5de8]" started-at="2021-07-09T16:46:23Z" name="tearDownClass" finished-at="2021-07-09T16:46:23Z" duration-ms="88" status="PASS">
          <reporter-output>
          </reporter-output>
        </test-method> <!-- tearDownClass -->
      </class> <!-- platformrunner.BrowserstackRunner -->
    </test> <!-- Default test -->
  </suite> <!-- Default suite -->
</testng-results>
