<?xml version="1.0" encoding="UTF-8"?>
<testng-results ignored="0" total="1" passed="1" failed="0" skipped="0">
  <reporter-output>
  </reporter-output>
  <suite started-at="2021-07-06T06:40:02Z" name="Default suite" finished-at="2021-07-06T06:40:28Z" duration-ms="26340">
    <groups>
      <group name="cucumber">
        <method signature="AbstractTestNGCucumberTests.feature(cucumber.api.testng.CucumberFeatureWrapper)[pri:0, instance:platformrunner.PlatformTestRunners@66565121]" name="feature" class="cucumber.api.testng.AbstractTestNGCucumberTests"/>
      </group> <!-- cucumber -->
    </groups>
    <test started-at="2021-07-06T06:40:02Z" name="Default test" finished-at="2021-07-06T06:40:28Z" duration-ms="26340">
      <class name="platformrunner.PlatformTestRunners">
        <test-method is-config="true" signature="setUpClass()[pri:0, instance:platformrunner.PlatformTestRunners@66565121]" started-at="2021-07-06T12:10:02Z" name="setUpClass" finished-at="2021-07-06T12:10:02Z" duration-ms="403" status="PASS">
          <reporter-output>
          </reporter-output>
        </test-method> <!-- setUpClass -->
        <test-method signature="feature(cucumber.api.testng.CucumberFeatureWrapper)[pri:0, instance:platformrunner.PlatformTestRunners@66565121]" started-at="2021-07-06T12:10:03Z" name="feature" description="Runs Cucumber Feature" data-provider="features" finished-at="2021-07-06T12:10:28Z" duration-ms="25705" status="PASS">
          <params>
            <param index="0">
              <value>
                <![CDATA[Validate new login]]>
              </value>
            </param>
          </params>
          <reporter-output>
          </reporter-output>
        </test-method> <!-- feature -->
        <test-method is-config="true" signature="tearDownClass()[pri:0, instance:platformrunner.PlatformTestRunners@66565121]" started-at="2021-07-06T12:10:28Z" name="tearDownClass" finished-at="2021-07-06T12:10:28Z" duration-ms="84" status="PASS">
          <reporter-output>
          </reporter-output>
        </test-method> <!-- tearDownClass -->
      </class> <!-- platformrunner.PlatformTestRunners -->
    </test> <!-- Default test -->
  </suite> <!-- Default suite -->
</testng-results>
