<?xml version="1.0" encoding="UTF-8"?>
<testng-results ignored="0" total="1" passed="1" failed="0" skipped="0">
  <reporter-output>
  </reporter-output>
  <suite started-at="2021-07-05T05:35:43Z" name="LocalSingleBrowser" finished-at="2021-07-05T05:36:07Z" duration-ms="24084">
    <groups>
    </groups>
    <test started-at="2021-07-05T05:35:43Z" name="SingleBrowserTest" finished-at="2021-07-05T05:36:07Z" duration-ms="24084">
      <class name="testscripts.LoginVerification">
        <test-method is-config="true" signature="initialize(java.lang.String)[pri:0, instance:testscripts.LoginVerification@3051e0b2]" started-at="2021-07-05T11:05:43Z" name="initialize" finished-at="2021-07-05T11:05:58Z" duration-ms="14486" status="PASS">
          <params>
            <param index="0">
              <value>
                <![CDATA[chrome]]>
              </value>
            </param>
          </params>
          <reporter-output>
          </reporter-output>
        </test-method> <!-- initialize -->
        <test-method signature="loginToPlatform()[pri:0, instance:testscripts.LoginVerification@3051e0b2]" started-at="2021-07-05T11:05:58Z" name="loginToPlatform" finished-at="2021-07-05T11:06:07Z" duration-ms="9398" status="PASS">
          <reporter-output>
          </reporter-output>
        </test-method> <!-- loginToPlatform -->
        <test-method is-config="true" signature="tearDown()[pri:0, instance:testscripts.LoginVerification@3051e0b2]" started-at="2021-07-05T11:06:07Z" name="tearDown" finished-at="2021-07-05T11:06:07Z" duration-ms="168" status="PASS">
          <reporter-output>
          </reporter-output>
        </test-method> <!-- tearDown -->
        <test-method is-config="true" signature="tearDown()[pri:0, instance:testscripts.LoginVerification@3051e0b2]" started-at="2021-07-05T11:06:07Z" name="tearDown" finished-at="2021-07-05T11:06:07Z" duration-ms="0" status="PASS">
          <reporter-output>
          </reporter-output>
        </test-method> <!-- tearDown -->
      </class> <!-- testscripts.LoginVerification -->
    </test> <!-- SingleBrowserTest -->
  </suite> <!-- LocalSingleBrowser -->
</testng-results>
