<?xml version="1.0" encoding="UTF-8"?>
<testng-results ignored="0" total="2" passed="2" failed="0" skipped="0">
  <reporter-output>
  </reporter-output>
  <suite started-at="2021-07-13T06:01:41Z" name="CrossBrowserSuite" finished-at="2021-07-13T06:02:00Z" duration-ms="18947">
    <groups>
      <group name="cucumber">
        <method signature="AbstractTestNGCucumberTests.feature(cucumber.api.testng.CucumberFeatureWrapper)[pri:0, instance:platformrunner.Runner@290b1b2e]" name="feature" class="cucumber.api.testng.AbstractTestNGCucumberTests"/>
        <method signature="AbstractTestNGCucumberTests.feature(cucumber.api.testng.CucumberFeatureWrapper)[pri:0, instance:platformrunner.Runner@523424b5]" name="feature" class="cucumber.api.testng.AbstractTestNGCucumberTests"/>
      </group> <!-- cucumber -->
    </groups>
    <test started-at="2021-07-13T06:01:41Z" name="ChromeTest" finished-at="2021-07-13T06:01:53Z" duration-ms="11915">
      <class name="platformrunner.Runner">
        <test-method is-config="true" signature="setUpBrowser(java.lang.String, java.lang.String, java.lang.String, java.lang.String)[pri:0, instance:platformrunner.Runner@290b1b2e]" started-at="2021-07-13T11:31:41Z" name="setUpBrowser" finished-at="2021-07-13T11:31:47Z" duration-ms="6322" status="PASS">
          <params>
            <param index="0">
              <value>
                <![CDATA[local]]>
              </value>
            </param>
            <param index="1">
              <value>
                <![CDATA[chrome]]>
              </value>
            </param>
            <param index="2">
              <value is-null="true"/>
            </param>
            <param index="3">
              <value is-null="true"/>
            </param>
          </params>
          <reporter-output>
          </reporter-output>
        </test-method> <!-- setUpBrowser -->
        <test-method is-config="true" signature="setUpClass()[pri:0, instance:platformrunner.Runner@290b1b2e]" started-at="2021-07-13T11:31:47Z" name="setUpClass" finished-at="2021-07-13T11:31:48Z" duration-ms="376" status="PASS">
          <reporter-output>
          </reporter-output>
        </test-method> <!-- setUpClass -->
        <test-method signature="feature(cucumber.api.testng.CucumberFeatureWrapper)[pri:0, instance:platformrunner.Runner@290b1b2e]" started-at="2021-07-13T11:31:48Z" name="feature" description="Runs Cucumber Feature" data-provider="features" finished-at="2021-07-13T11:31:49Z" duration-ms="891" status="PASS">
          <params>
            <param index="0">
              <value>
                <![CDATA[Test feature file]]>
              </value>
            </param>
          </params>
          <reporter-output>
          </reporter-output>
        </test-method> <!-- feature -->
        <test-method is-config="true" signature="tearDownClass()[pri:0, instance:platformrunner.Runner@290b1b2e]" started-at="2021-07-13T11:31:49Z" name="tearDownClass" finished-at="2021-07-13T11:31:49Z" duration-ms="72" status="PASS">
          <reporter-output>
          </reporter-output>
        </test-method> <!-- tearDownClass -->
        <test-method is-config="true" signature="closeBrowser(java.lang.String)[pri:0, instance:platformrunner.Runner@290b1b2e]" started-at="2021-07-13T11:31:49Z" name="closeBrowser" finished-at="2021-07-13T11:31:53Z" duration-ms="4143" status="PASS">
          <params>
            <param index="0">
              <value>
                <![CDATA[local]]>
              </value>
            </param>
          </params>
          <reporter-output>
          </reporter-output>
        </test-method> <!-- closeBrowser -->
      </class> <!-- platformrunner.Runner -->
    </test> <!-- ChromeTest -->
    <test started-at="2021-07-13T06:01:53Z" name="EdgeTest" finished-at="2021-07-13T06:02:00Z" duration-ms="6633">
      <class name="platformrunner.Runner">
        <test-method is-config="true" signature="setUpBrowser(java.lang.String, java.lang.String, java.lang.String, java.lang.String)[pri:0, instance:platformrunner.Runner@523424b5]" started-at="2021-07-13T11:31:53Z" name="setUpBrowser" finished-at="2021-07-13T11:31:59Z" duration-ms="6120" status="PASS">
          <params>
            <param index="0">
              <value>
                <![CDATA[local]]>
              </value>
            </param>
            <param index="1">
              <value>
                <![CDATA[edge]]>
              </value>
            </param>
            <param index="2">
              <value is-null="true"/>
            </param>
            <param index="3">
              <value is-null="true"/>
            </param>
          </params>
          <reporter-output>
          </reporter-output>
        </test-method> <!-- setUpBrowser -->
        <test-method is-config="true" signature="setUpClass()[pri:0, instance:platformrunner.Runner@523424b5]" started-at="2021-07-13T11:31:59Z" name="setUpClass" finished-at="2021-07-13T11:31:59Z" duration-ms="17" status="PASS">
          <reporter-output>
          </reporter-output>
        </test-method> <!-- setUpClass -->
        <test-method signature="feature(cucumber.api.testng.CucumberFeatureWrapper)[pri:0, instance:platformrunner.Runner@523424b5]" started-at="2021-07-13T11:31:59Z" name="feature" description="Runs Cucumber Feature" data-provider="features" finished-at="2021-07-13T11:32:00Z" duration-ms="285" status="PASS">
          <params>
            <param index="0">
              <value>
                <![CDATA[Test feature file]]>
              </value>
            </param>
          </params>
          <reporter-output>
          </reporter-output>
        </test-method> <!-- feature -->
        <test-method is-config="true" signature="tearDownClass()[pri:0, instance:platformrunner.Runner@523424b5]" started-at="2021-07-13T11:32:00Z" name="tearDownClass" finished-at="2021-07-13T11:32:00Z" duration-ms="18" status="PASS">
          <reporter-output>
          </reporter-output>
        </test-method> <!-- tearDownClass -->
        <test-method is-config="true" signature="closeBrowser(java.lang.String)[pri:0, instance:platformrunner.Runner@523424b5]" started-at="2021-07-13T11:32:00Z" name="closeBrowser" finished-at="2021-07-13T11:32:00Z" duration-ms="180" status="PASS">
          <params>
            <param index="0">
              <value>
                <![CDATA[local]]>
              </value>
            </param>
          </params>
          <reporter-output>
          </reporter-output>
        </test-method> <!-- closeBrowser -->
      </class> <!-- platformrunner.Runner -->
    </test> <!-- EdgeTest -->
  </suite> <!-- CrossBrowserSuite -->
</testng-results>
