<?xml version="1.0" encoding="UTF-8"?>
<testng-results ignored="0" total="2" passed="2" failed="0" skipped="0">
  <reporter-output>
  </reporter-output>
  <suite started-at="2021-06-25T10:02:44Z" name="CrossBrowserSuite" finished-at="2021-06-25T10:03:15Z" duration-ms="30613">
    <groups>
    </groups>
    <test started-at="2021-06-25T10:02:44Z" name="ChromeTest" finished-at="2021-06-25T10:03:03Z" duration-ms="18973">
      <class name="testscripts.LoginVerification">
        <test-method is-config="true" signature="initialize(java.lang.String)[pri:0, instance:testscripts.LoginVerification@54562ea6]" started-at="2021-06-25T15:32:44Z" name="initialize" finished-at="2021-06-25T15:32:57Z" duration-ms="12649" status="PASS">
          <params>
            <param index="0">
              <value>
                <![CDATA[chrome]]>
              </value>
            </param>
          </params>
          <reporter-output>
          </reporter-output>
        </test-method> <!-- initialize -->
        <test-method signature="loginToPlatform()[pri:0, instance:testscripts.LoginVerification@54562ea6]" started-at="2021-06-25T15:32:57Z" name="loginToPlatform" finished-at="2021-06-25T15:33:03Z" duration-ms="5574" status="PASS">
          <reporter-output>
          </reporter-output>
        </test-method> <!-- loginToPlatform -->
        <test-method is-config="true" signature="tearDown()[pri:0, instance:testscripts.LoginVerification@54562ea6]" started-at="2021-06-25T15:33:03Z" name="tearDown" finished-at="2021-06-25T15:33:03Z" duration-ms="725" status="PASS">
          <reporter-output>
          </reporter-output>
        </test-method> <!-- tearDown -->
        <test-method is-config="true" signature="tearDown()[pri:0, instance:testscripts.LoginVerification@54562ea6]" started-at="2021-06-25T15:33:03Z" name="tearDown" finished-at="2021-06-25T15:33:03Z" duration-ms="1" status="PASS">
          <reporter-output>
          </reporter-output>
        </test-method> <!-- tearDown -->
      </class> <!-- testscripts.LoginVerification -->
    </test> <!-- ChromeTest -->
    <test started-at="2021-06-25T10:03:04Z" name="EdgeTest" finished-at="2021-06-25T10:03:15Z" duration-ms="11255">
      <class name="testscripts.LoginVerification">
        <test-method is-config="true" signature="initialize(java.lang.String)[pri:0, instance:testscripts.LoginVerification@40368a46]" started-at="2021-06-25T15:33:04Z" name="initialize" finished-at="2021-06-25T15:33:09Z" duration-ms="5139" status="PASS">
          <params>
            <param index="0">
              <value>
                <![CDATA[edge]]>
              </value>
            </param>
          </params>
          <reporter-output>
          </reporter-output>
        </test-method> <!-- initialize -->
        <test-method signature="loginToPlatform()[pri:0, instance:testscripts.LoginVerification@40368a46]" started-at="2021-06-25T15:33:09Z" name="loginToPlatform" finished-at="2021-06-25T15:33:14Z" duration-ms="5227" status="PASS">
          <reporter-output>
          </reporter-output>
        </test-method> <!-- loginToPlatform -->
        <test-method is-config="true" signature="tearDown()[pri:0, instance:testscripts.LoginVerification@40368a46]" started-at="2021-06-25T15:33:14Z" name="tearDown" finished-at="2021-06-25T15:33:15Z" duration-ms="885" status="PASS">
          <reporter-output>
          </reporter-output>
        </test-method> <!-- tearDown -->
        <test-method is-config="true" signature="tearDown()[pri:0, instance:testscripts.LoginVerification@40368a46]" started-at="2021-06-25T15:33:15Z" name="tearDown" finished-at="2021-06-25T15:33:15Z" duration-ms="1" status="PASS">
          <reporter-output>
          </reporter-output>
        </test-method> <!-- tearDown -->
      </class> <!-- testscripts.LoginVerification -->
    </test> <!-- EdgeTest -->
  </suite> <!-- CrossBrowserSuite -->
</testng-results>
