<?xml version="1.0" encoding="UTF-8"?>
<testng-results ignored="0" total="1" passed="1" failed="0" skipped="0">
  <reporter-output>
  </reporter-output>
  <suite started-at="2021-07-05T04:16:47Z" name="Default suite" finished-at="2021-07-05T04:17:03Z" duration-ms="16543">
    <groups>
      <group name="cucumber">
        <method signature="AbstractTestNGCucumberTests.feature(cucumber.api.testng.CucumberFeatureWrapper)[pri:0, instance:platformrunner.PlatformTestRunners@623e088f]" name="feature" class="cucumber.api.testng.AbstractTestNGCucumberTests"/>
      </group> <!-- cucumber -->
    </groups>
    <test started-at="2021-07-05T04:16:47Z" name="Default test" finished-at="2021-07-05T04:17:03Z" duration-ms="16543">
      <class name="platformrunner.PlatformTestRunners">
        <test-method is-config="true" signature="setUpClass()[pri:0, instance:platformrunner.PlatformTestRunners@623e088f]" started-at="2021-07-05T09:46:47Z" name="setUpClass" finished-at="2021-07-05T09:46:47Z" duration-ms="431" status="PASS">
          <reporter-output>
          </reporter-output>
        </test-method> <!-- setUpClass -->
        <test-method signature="feature(cucumber.api.testng.CucumberFeatureWrapper)[pri:0, instance:platformrunner.PlatformTestRunners@623e088f]" started-at="2021-07-05T09:46:47Z" name="feature" description="Runs Cucumber Feature" data-provider="features" finished-at="2021-07-05T09:47:03Z" duration-ms="15850" status="PASS">
          <params>
            <param index="0">
              <value>
                <![CDATA[Validate new login]]>
              </value>
            </param>
          </params>
          <reporter-output>
          </reporter-output>
        </test-method> <!-- feature -->
        <test-method is-config="true" signature="tearDownClass()[pri:0, instance:platformrunner.PlatformTestRunners@623e088f]" started-at="2021-07-05T09:47:03Z" name="tearDownClass" finished-at="2021-07-05T09:47:03Z" duration-ms="114" status="PASS">
          <reporter-output>
          </reporter-output>
        </test-method> <!-- tearDownClass -->
      </class> <!-- platformrunner.PlatformTestRunners -->
    </test> <!-- Default test -->
  </suite> <!-- Default suite -->
</testng-results>
