<?xml version="1.0" encoding="UTF-8"?>
<testng-results ignored="0" total="1" passed="1" failed="0" skipped="0">
  <reporter-output>
  </reporter-output>
  <suite started-at="2021-07-02T04:56:48Z" name="LocalSingleBrowser" finished-at="2021-07-02T04:57:13Z" duration-ms="25056">
    <groups>
    </groups>
    <test started-at="2021-07-02T04:56:48Z" name="SingleBrowserTest" finished-at="2021-07-02T04:57:13Z" duration-ms="25056">
      <class name="testscripts.LoginVerification">
        <test-method is-config="true" signature="initialize(java.lang.String)[pri:0, instance:testscripts.LoginVerification@4c03a37]" started-at="2021-07-02T10:26:48Z" name="initialize" finished-at="2021-07-02T10:27:03Z" duration-ms="15070" status="PASS">
          <params>
            <param index="0">
              <value>
                <![CDATA[chrome]]>
              </value>
            </param>
          </params>
          <reporter-output>
          </reporter-output>
        </test-method> <!-- initialize -->
        <test-method signature="loginToPlatform()[pri:0, instance:testscripts.LoginVerification@4c03a37]" started-at="2021-07-02T10:27:04Z" name="loginToPlatform" finished-at="2021-07-02T10:27:13Z" duration-ms="9652" status="PASS">
          <reporter-output>
          </reporter-output>
        </test-method> <!-- loginToPlatform -->
        <test-method is-config="true" signature="tearDown()[pri:0, instance:testscripts.LoginVerification@4c03a37]" started-at="2021-07-02T10:27:13Z" name="tearDown" finished-at="2021-07-02T10:27:13Z" duration-ms="295" status="PASS">
          <reporter-output>
          </reporter-output>
        </test-method> <!-- tearDown -->
        <test-method is-config="true" signature="tearDown()[pri:0, instance:testscripts.LoginVerification@4c03a37]" started-at="2021-07-02T10:27:13Z" name="tearDown" finished-at="2021-07-02T10:27:13Z" duration-ms="0" status="PASS">
          <reporter-output>
          </reporter-output>
        </test-method> <!-- tearDown -->
      </class> <!-- testscripts.LoginVerification -->
    </test> <!-- SingleBrowserTest -->
  </suite> <!-- LocalSingleBrowser -->
</testng-results>
