<?xml version="1.0" encoding="UTF-8"?>
<testng-results ignored="0" total="1" passed="1" failed="0" skipped="0">
  <reporter-output>
  </reporter-output>
  <suite started-at="2021-06-26T03:13:55Z" name="LocalSingleBrowser" finished-at="2021-06-26T03:14:16Z" duration-ms="21559">
    <groups>
    </groups>
    <test started-at="2021-06-26T03:13:55Z" name="SingleBrowserTest" finished-at="2021-06-26T03:14:16Z" duration-ms="21559">
      <class name="testscripts.LoginVerification">
        <test-method is-config="true" signature="initialize(java.lang.String)[pri:0, instance:testscripts.LoginVerification@54562ea6]" started-at="2021-06-26T08:43:55Z" name="initialize" finished-at="2021-06-26T08:44:05Z" duration-ms="10658" status="PASS">
          <params>
            <param index="0">
              <value>
                <![CDATA[chrome]]>
              </value>
            </param>
          </params>
          <reporter-output>
          </reporter-output>
        </test-method> <!-- initialize -->
        <test-method signature="loginToPlatform()[pri:0, instance:testscripts.LoginVerification@54562ea6]" started-at="2021-06-26T08:44:05Z" name="loginToPlatform" finished-at="2021-06-26T08:44:16Z" duration-ms="10174" status="PASS">
          <reporter-output>
          </reporter-output>
        </test-method> <!-- loginToPlatform -->
        <test-method is-config="true" signature="tearDown()[pri:0, instance:testscripts.LoginVerification@54562ea6]" started-at="2021-06-26T08:44:16Z" name="tearDown" finished-at="2021-06-26T08:44:16Z" duration-ms="701" status="PASS">
          <reporter-output>
          </reporter-output>
        </test-method> <!-- tearDown -->
        <test-method is-config="true" signature="tearDown()[pri:0, instance:testscripts.LoginVerification@54562ea6]" started-at="2021-06-26T08:44:16Z" name="tearDown" finished-at="2021-06-26T08:44:16Z" duration-ms="0" status="PASS">
          <reporter-output>
          </reporter-output>
        </test-method> <!-- tearDown -->
      </class> <!-- testscripts.LoginVerification -->
    </test> <!-- SingleBrowserTest -->
  </suite> <!-- LocalSingleBrowser -->
</testng-results>
