<?xml version="1.0" encoding="UTF-8"?>
<testng-results ignored="0" total="1" passed="1" failed="0" skipped="0">
  <reporter-output>
  </reporter-output>
  <suite started-at="2021-07-12T07:44:20Z" name="Default suite" finished-at="2021-07-12T07:44:21Z" duration-ms="1047">
    <groups>
      <group name="cucumber">
        <method signature="AbstractTestNGCucumberTests.feature(cucumber.api.testng.CucumberFeatureWrapper)[pri:0, instance:platformrunner.BrowserstackRunner@57abad67]" name="feature" class="cucumber.api.testng.AbstractTestNGCucumberTests"/>
      </group> <!-- cucumber -->
    </groups>
    <test started-at="2021-07-12T07:44:20Z" name="Default test" finished-at="2021-07-12T07:44:21Z" duration-ms="1047">
      <class name="platformrunner.BrowserstackRunner">
        <test-method is-config="true" signature="setUpClass()[pri:0, instance:platformrunner.BrowserstackRunner@57abad67]" started-at="2021-07-12T13:14:20Z" name="setUpClass" finished-at="2021-07-12T13:14:20Z" duration-ms="569" status="PASS">
          <reporter-output>
          </reporter-output>
        </test-method> <!-- setUpClass -->
        <test-method signature="feature(cucumber.api.testng.CucumberFeatureWrapper)[pri:0, instance:platformrunner.BrowserstackRunner@57abad67]" started-at="2021-07-12T13:14:20Z" name="feature" description="Runs Cucumber Feature" data-provider="features" finished-at="2021-07-12T13:14:21Z" duration-ms="207" status="PASS">
          <params>
            <param index="0">
              <value>
                <![CDATA[Open and close local browser]]>
              </value>
            </param>
          </params>
          <reporter-output>
          </reporter-output>
        </test-method> <!-- feature -->
        <test-method is-config="true" signature="tearDownClass()[pri:0, instance:platformrunner.BrowserstackRunner@57abad67]" started-at="2021-07-12T13:14:21Z" name="tearDownClass" finished-at="2021-07-12T13:14:21Z" duration-ms="89" status="PASS">
          <reporter-output>
          </reporter-output>
        </test-method> <!-- tearDownClass -->
      </class> <!-- platformrunner.BrowserstackRunner -->
    </test> <!-- Default test -->
  </suite> <!-- Default suite -->
</testng-results>
