<?xml version="1.0" encoding="UTF-8"?>
<testng-results ignored="0" total="1" passed="1" failed="0" skipped="0">
  <reporter-output>
  </reporter-output>
  <suite started-at="2021-06-24T11:15:09Z" name="LocalSingleBrowser" finished-at="2021-06-24T11:15:19Z" duration-ms="9915">
    <groups>
    </groups>
    <test started-at="2021-06-24T11:15:09Z" name="SingleBrowserTest" finished-at="2021-06-24T11:15:19Z" duration-ms="9915">
      <class name="testscripts.LoginVerification">
        <test-method is-config="true" signature="initialize()[pri:0, instance:testscripts.LoginVerification@3c0fbd3a]" started-at="2021-06-24T16:45:09Z" name="initialize" finished-at="2021-06-24T16:45:13Z" duration-ms="4517" status="PASS">
          <reporter-output>
          </reporter-output>
        </test-method> <!-- initialize -->
        <test-method signature="loginToPlatform()[pri:0, instance:testscripts.LoginVerification@3c0fbd3a]" started-at="2021-06-24T16:45:13Z" name="loginToPlatform" finished-at="2021-06-24T16:45:18Z" duration-ms="4675" status="PASS">
          <reporter-output>
          </reporter-output>
        </test-method> <!-- loginToPlatform -->
        <test-method is-config="true" signature="tearDown()[pri:0, instance:testscripts.LoginVerification@3c0fbd3a]" started-at="2021-06-24T16:45:18Z" name="tearDown" finished-at="2021-06-24T16:45:19Z" duration-ms="694" status="PASS">
          <reporter-output>
          </reporter-output>
        </test-method> <!-- tearDown -->
        <test-method is-config="true" signature="tearDown()[pri:0, instance:testscripts.LoginVerification@3c0fbd3a]" started-at="2021-06-24T16:45:19Z" name="tearDown" finished-at="2021-06-24T16:45:19Z" duration-ms="1" status="PASS">
          <reporter-output>
          </reporter-output>
        </test-method> <!-- tearDown -->
      </class> <!-- testscripts.LoginVerification -->
    </test> <!-- SingleBrowserTest -->
  </suite> <!-- LocalSingleBrowser -->
</testng-results>
