<?xml version="1.0" encoding="UTF-8"?>
<testng-results skipped="0" failed="0" ignored="0" total="1" passed="1">
  <reporter-output>
  </reporter-output>
  <suite name="Default suite" duration-ms="5804" started-at="2021-07-12T11:13:29Z" finished-at="2021-07-12T11:13:35Z">
    <groups>
    </groups>
    <test name="Default test" duration-ms="5804" started-at="2021-07-12T11:13:29Z" finished-at="2021-07-12T11:13:35Z">
      <class name="utils.otp5">
        <test-method status="PASS" signature="main1()[pri:0, instance:utils.otp5@10d59286]" name="main1" duration-ms="5778" started-at="2021-07-12T16:43:29Z" finished-at="2021-07-12T16:43:35Z">
          <reporter-output>
          </reporter-output>
        </test-method> <!-- main1 -->
      </class> <!-- utils.otp5 -->
    </test> <!-- Default test -->
  </suite> <!-- Default suite -->
</testng-results>
