<?xml version="1.0" encoding="UTF-8"?>
<!-- Generated by org.testng.reporters.JUnitXMLReporter -->
<testsuite ignored="0" hostname="DESKTOP-DIBMRVF" failures="2" tests="2" name="Cucumber Testng" time="1.433" errors="0" timestamp="06 Jul 2021 10:01:09 GMT">
  <testcase classname="cucumber.api.testng.AbstractTestNGCucumberTests" name="feature" time="1.01">
    <failure type="cucumber.runtime.CucumberException" message="java.lang.ExceptionInInitializerError">
      <![CDATA[cucumber.runtime.CucumberException: java.lang.ExceptionInInitializerErrorat cucumber.api.testng.TestNGCucumberRunner.runCucumber(TestNGCucumberRunner.java:69)at cucumber.api.testng.AbstractTestNGCucumberTests.feature(AbstractTestNGCucumberTests.java:21)Caused by: java.lang.ExceptionInInitializerErrorat cucumber.deps.com.thoughtworks.xstream.XStream.setupConverters(XStream.java:820)at cucumber.deps.com.thoughtworks.xstream.XStream.<init>(XStream.java:574)at cucumber.deps.com.thoughtworks.xstream.XStream.<init>(XStream.java:530)at cucumber.runtime.xstream.LocalizedXStreams$LocalizedXStream.<init>(LocalizedXStreams.java:50)at cucumber.runtime.xstream.LocalizedXStreams.newXStream(LocalizedXStreams.java:37)at cucumber.runtime.xstream.LocalizedXStreams.get(LocalizedXStreams.java:29)at cucumber.runtime.StepDefinitionMatch.runStep(StepDefinitionMatch.java:37)at cucumber.runtime.Runtime.runStep(Runtime.java:300)at cucumber.runtime.model.StepContainer.runStep(StepContainer.java:44)at cucumber.runtime.model.StepContainer.runSteps(StepContainer.java:39)at cucumber.runtime.model.CucumberScenario.run(CucumberScenario.java:44)at cucumber.runtime.model.CucumberScenarioOutline.run(CucumberScenarioOutline.java:46)at cucumber.runtime.model.CucumberFeature.run(CucumberFeature.java:165)at cucumber.api.testng.TestNGCucumberRunner.runCucumber(TestNGCucumberRunner.java:63)at cucumber.api.testng.AbstractTestNGCucumberTests.feature(AbstractTestNGCucumberTests.java:21)at ✽.Given Navigate to URL on chrome PFQA_123_1(PFQA_123_1.feature:6)at cucumber.deps.com.thoughtworks.xstream.core.util.Fields.locate(Fields.java:39)at cucumber.deps.com.thoughtworks.xstream.converters.collections.TreeMapConverter.<clinit>(TreeMapConverter.java:50)at cucumber.deps.com.thoughtworks.xstream.XStream.setupConverters(XStream.java:820)at cucumber.deps.com.thoughtworks.xstream.XStream.<init>(XStream.java:574)at cucumber.deps.com.thoughtworks.xstream.XStream.<init>(XStream.java:530)at cucumber.runtime.xstream.LocalizedXStreams$LocalizedXStream.<init>(LocalizedXStreams.java:50)at cucumber.runtime.xstream.LocalizedXStreams.newXStream(LocalizedXStreams.java:37)at cucumber.runtime.xstream.LocalizedXStreams.get(LocalizedXStreams.java:29)at cucumber.runtime.StepDefinitionMatch.runStep(StepDefinitionMatch.java:37)at cucumber.runtime.Runtime.runStep(Runtime.java:300)at cucumber.runtime.model.StepContainer.runStep(StepContainer.java:44)at cucumber.runtime.model.StepContainer.runSteps(StepContainer.java:39)at cucumber.runtime.model.CucumberScenario.run(CucumberScenario.java:44)at cucumber.runtime.model.CucumberScenarioOutline.run(CucumberScenarioOutline.java:46)at cucumber.runtime.model.CucumberFeature.run(CucumberFeature.java:165)at cucumber.api.testng.TestNGCucumberRunner.runCucumber(TestNGCucumberRunner.java:63)at cucumber.api.testng.AbstractTestNGCucumberTests.feature(AbstractTestNGCucumberTests.java:21)... Removed 80 stack frames]]>
    </failure>
  </testcase> <!-- feature -->
  <testcase classname="cucumber.api.testng.AbstractTestNGCucumberTests" name="feature" time="1.106">
    <failure type="java.lang.NullPointerException" message="Cannot invoke &amp;quot;org.openqa.selenium.TakesScreenshot.getScreenshotAs(org.openqa.selenium.OutputType)&amp;quot; because &amp;quot;ts&amp;quot; is null">
      <![CDATA[java.lang.NullPointerException: Cannot invoke "org.openqa.selenium.TakesScreenshot.getScreenshotAs(org.openqa.selenium.OutputType)" because "ts" is nullat reporting.ExtentReporter.getScreenShotPath(ExtentReporter.java:43)at listeners.Listeners.onTestFailure(Listeners.java:66)... Removed 22 stack frames]]>
    </failure>
  </testcase> <!-- feature -->
</testsuite> <!-- Cucumber Testng -->
