<?xml version="1.0" encoding="UTF-8"?>
<!-- Generated by org.testng.reporters.JUnitXMLReporter -->
<testsuite ignored="0" hostname="DESKTOP-FGAD874" failures="0" tests="1" name="Cucumber Testng" time="0.907" errors="0" timestamp="02 Jul 2021 09:08:15 GMT">
  <testcase classname="cucumber.api.testng.AbstractTestNGCucumberTests" name="@BeforeClass setUpClass" time="0.799">
    <failure type="cucumber.runtime.DuplicateStepDefinitionException" message="Duplicate step definitions in platformstepdefinition.PFQA_123_1.close_browser() in file:/C:/Users/Lenovo/Desktop/WorkSpace/Project/Workspace/GitPFAutomation/PlatformTesting/platform/target/test-classes/ and platformstepdefinition.PFQA_Footer.close_browser() in file:/C:/Users/Lenovo/Desktop/WorkSpace/Project/Workspace/GitPFAutomation/PlatformTesting/platform/target/test-classes/">
      <![CDATA[cucumber.runtime.DuplicateStepDefinitionException: Duplicate step definitions in platformstepdefinition.PFQA_123_1.close_browser() in file:/C:/Users/Lenovo/Desktop/WorkSpace/Project/Workspace/GitPFAutomation/PlatformTesting/platform/target/test-classes/ and platformstepdefinition.PFQA_Footer.close_browser() in file:/C:/Users/Lenovo/Desktop/WorkSpace/Project/Workspace/GitPFAutomation/PlatformTesting/platform/target/test-classes/at cucumber.runtime.RuntimeGlue.addStepDefinition(RuntimeGlue.java:33)at cucumber.runtime.java.JavaBackend.addStepDefinition(JavaBackend.java:151)at cucumber.runtime.java.MethodScanner.scan(MethodScanner.java:68)at cucumber.runtime.java.MethodScanner.scan(MethodScanner.java:41)at cucumber.runtime.java.JavaBackend.loadGlue(JavaBackend.java:86)at cucumber.runtime.Runtime.<init>(Runtime.java:92)at cucumber.runtime.Runtime.<init>(Runtime.java:70)at cucumber.runtime.Runtime.<init>(Runtime.java:66)at cucumber.api.testng.TestNGCucumberRunner.<init>(TestNGCucumberRunner.java:42)at cucumber.api.testng.AbstractTestNGCucumberTests.setUpClass(AbstractTestNGCucumberTests.java:16)... Removed 26 stack frames]]>
    </failure>
  </testcase> <!-- @BeforeClass setUpClass -->
  <testcase classname="cucumber.api.testng.AbstractTestNGCucumberTests" name="@AfterClass tearDownClass" time="0.001">
    <failure type="java.lang.NullPointerException" message="Cannot invoke &amp;quot;cucumber.api.testng.TestNGCucumberRunner.finish()&amp;quot; because &amp;quot;this.testNGCucumberRunner&amp;quot; is null">
      <![CDATA[java.lang.NullPointerException: Cannot invoke "cucumber.api.testng.TestNGCucumberRunner.finish()" because "this.testNGCucumberRunner" is nullat cucumber.api.testng.AbstractTestNGCucumberTests.tearDownClass(AbstractTestNGCucumberTests.java:34)... Removed 26 stack frames]]>
    </failure>
  </testcase> <!-- @AfterClass tearDownClass -->
  <testcase classname="cucumber.api.testng.AbstractTestNGCucumberTests" name="feature" time="0.0">
    <skipped/>
  </testcase> <!-- feature -->
</testsuite> <!-- Cucumber Testng -->
