<?xml version="1.0" encoding="UTF-8"?>
<!-- Generated by org.testng.reporters.JUnitXMLReporter -->
<testsuite hostname="DESKTOP-UN79FSK" ignored="0" name="SingleBrowserTest" tests="1" failures="1" timestamp="2021-08-04T19:13:33 IST" time="146.429" errors="0">
  <testcase name="feature" time="107.725" classname="cucumber.api.testng.AbstractTestNGCucumberTests">
    <failure type="cucumber.runtime.CucumberException" message="org.junit.ComparisonFailure: expected:&amp;lt;[
]郵便番号形式で入力してください。&amp;gt; but was:&amp;lt;[]郵便番号形式で入力してください。&amp;gt;">
      <![CDATA[cucumber.runtime.CucumberException: org.junit.ComparisonFailure: expected:<[
]郵便番号形式で入力してください。> but was:<[]郵便番号形式で入力してください。>
at cucumber.api.testng.TestNGCucumberRunner.runCucumber(TestNGCucumberRunner.java:69)
at cucumber.api.testng.AbstractTestNGCucumberTests.feature(AbstractTestNGCucumberTests.java:21)
at java.util.ArrayList.forEach(ArrayList.java:1249)
at java.util.concurrent.FutureTask.run(FutureTask.java:266)
at java.util.concurrent.ThreadPoolExecutor.runWorker(ThreadPoolExecutor.java:1142)
at java.util.concurrent.ThreadPoolExecutor$Worker.run(ThreadPoolExecutor.java:617)
at java.lang.Thread.run(Thread.java:745)
Caused by: org.junit.ComparisonFailure: expected:<[
]郵便番号形式で入力してください。> but was:<[]郵便番号形式で入力してください。>
at org.junit.Assert.assertEquals(Assert.java:115)
at org.junit.Assert.assertEquals(Assert.java:144)
at platform.pageobjects.MyPage.AccountAndSecurity.Validate_Updated_Invalid_Account_Information(AccountAndSecurity.java:448)
at platform.pageobjects.MyPage.AccountAndSecurity.ReceiveNotificationsByMailInfoInavlidData(AccountAndSecurity.java:406)
at platform.pageobjects.MyPage.AccountAndSecurity.UpdateAccountAndSecurityInavlidInformation(AccountAndSecurity.java:308)
at platformstepdefinition.PF_AccountAndSecurity.Update_Invalid_Account_Information(PF_AccountAndSecurity.java:51)
at ✽.And Update and Validate Invalid Account Information(PF_AccountAndSecurity.feature:19)
... Removed 20 stack frames]]>
    </failure>
  </testcase> <!-- feature -->
</testsuite> <!-- SingleBrowserTest -->
