<?xml version="1.0" encoding="UTF-8"?>
<!-- Generated by org.testng.reporters.JUnitXMLReporter -->
<testsuite hostname="DESKTOP-UN79FSK" ignored="0" name="SingleBrowserTest" tests="3" failures="1" timestamp="2021-08-02T21:11:59 IST" time="626.808" errors="0">
  <testcase name="feature" time="44.499" classname="cucumber.api.testng.AbstractTestNGCucumberTests"/>
  <testcase name="feature" time="98.465" classname="cucumber.api.testng.AbstractTestNGCucumberTests"/>
  <testcase name="feature" time="451.77" classname="cucumber.api.testng.AbstractTestNGCucumberTests">
    <failure type="cucumber.runtime.CucumberException" message="java.lang.AssertionError: expected [true] but found [false]">
      <![CDATA[cucumber.runtime.CucumberException: java.lang.AssertionError: expected [true] but found [false]
at cucumber.api.testng.TestNGCucumberRunner.runCucumber(TestNGCucumberRunner.java:69)
at cucumber.api.testng.AbstractTestNGCucumberTests.feature(AbstractTestNGCucumberTests.java:21)
at java.util.ArrayList.forEach(ArrayList.java:1249)
at java.util.concurrent.FutureTask.run(FutureTask.java:266)
at java.util.concurrent.ThreadPoolExecutor.runWorker(ThreadPoolExecutor.java:1142)
at java.util.concurrent.ThreadPoolExecutor$Worker.run(ThreadPoolExecutor.java:617)
at java.lang.Thread.run(Thread.java:745)
Caused by: java.lang.AssertionError: expected [true] but found [false]
at utils.CommonFunctions.assertString(CommonFunctions.java:129)
at platform.pageobjects.Order.Order.verifyLearnButtonFromServiceYouAreUsingPage(Order.java:788)
at platformstepdefinition.PF_Order.verify_learn_button_from_service_you_are_using_page(PF_Order.java:118)
at ✽.And Verify learn button from Service you are using page(PF_Order.feature:74)
... Removed 24 stack frames]]>
    </failure>
  </testcase> <!-- feature -->
</testsuite> <!-- SingleBrowserTest -->
