<?xml version="1.0" encoding="UTF-8"?>
<!-- Generated by org.testng.reporters.JUnitXMLReporter -->
<testsuite ignored="0" hostname="DESKTOP-FGAD874" failures="2" tests="2" name="SingleBrowserTest" time="1.179" errors="0" timestamp="13 Jul 2021 04:25:03 GMT">
  <testcase classname="cucumber.api.testng.AbstractTestNGCucumberTests" name="feature" time="0.69">
    <failure type="cucumber.runtime.CucumberException" message="cucumber.runtime.CucumberException: Hooks must declare 0 or 1 arguments. public void platformstepdefinition.Hooks.setUp(java.lang.String,java.lang.String,java.lang.String,java.lang.String) throws java.lang.Exception">
      <![CDATA[cucumber.runtime.CucumberException: cucumber.runtime.CucumberException: Hooks must declare 0 or 1 arguments. public void platformstepdefinition.Hooks.setUp(java.lang.String,java.lang.String,java.lang.String,java.lang.String) throws java.lang.Exceptionat cucumber.api.testng.TestNGCucumberRunner.runCucumber(TestNGCucumberRunner.java:69)at cucumber.api.testng.AbstractTestNGCucumberTests.feature(AbstractTestNGCucumberTests.java:21)Caused by: cucumber.runtime.CucumberException: Hooks must declare 0 or 1 arguments. public void platformstepdefinition.Hooks.setUp(java.lang.String,java.lang.String,java.lang.String,java.lang.String) throws java.lang.Exceptionat cucumber.runtime.java.JavaHookDefinition.execute(JavaHookDefinition.java:57)at cucumber.runtime.Runtime.runHookIfTagsMatch(Runtime.java:224)at cucumber.runtime.Runtime.runHooks(Runtime.java:212)at cucumber.runtime.Runtime.runBeforeHooks(Runtime.java:202)at cucumber.runtime.model.CucumberScenario.run(CucumberScenario.java:40)at cucumber.runtime.model.CucumberFeature.run(CucumberFeature.java:165)at cucumber.api.testng.TestNGCucumberRunner.runCucumber(TestNGCucumberRunner.java:63)... 26 more... Removed 25 stack frames]]>
    </failure>
  </testcase> <!-- feature -->
  <testcase classname="cucumber.api.testng.AbstractTestNGCucumberTests" name="feature" time="0.81">
    <failure type="java.lang.IllegalArgumentException" message="ScreenCapture path must not be null or empty">
      <![CDATA[java.lang.IllegalArgumentException: ScreenCapture path must not be null or emptyat com.aventstack.extentreports.util.Assert.notEmpty(Assert.java:12)at com.aventstack.extentreports.ExtentTest.addScreenCaptureFromPath(ExtentTest.java:1074)at listeners.Listeners.onTestFailure(Listeners.java:71)... Removed 22 stack frames]]>
    </failure>
  </testcase> <!-- feature -->
</testsuite> <!-- SingleBrowserTest -->
