<?xml version="1.0" encoding="UTF-8"?>
<!-- Generated by org.testng.reporters.JUnitXMLReporter -->
<testsuite ignored="0" hostname="DESKTOP-FGAD874" failures="0" tests="1" name="SingleTestEnv3" time="193.957" errors="0" timestamp="13 Jul 2021 13:50:27 GMT">
  <testcase classname="platformrunner.Runner" name="@BeforeTest setUpBrowser" time="193.898">
    <failure type="org.openqa.selenium.WebDriverException" message="java.net.ConnectException: Connection refused
Build info: version: &amp;apos;3.11.0&amp;apos;, revision: &amp;apos;e59cfb3&amp;apos;, time: &amp;apos;2018-03-11T20:26:55.152Z&amp;apos;
System info: host: &amp;apos;DESKTOP-FGAD874&amp;apos;, ip: &amp;apos;192.168.1.5&amp;apos;, os.name: &amp;apos;Windows 10&amp;apos;, os.arch: &amp;apos;amd64&amp;apos;, os.version: &amp;apos;10.0&amp;apos;, java.version: &amp;apos;15.0.2&amp;apos;
Driver info: org.openqa.selenium.remote.RemoteWebDriver
Capabilities {acceptInsecureCerts: false, browserName: Safari, browserVersion: 12.1.2, javascriptEnabled: true, platform: MAC, platformName: MAC, safari:automaticInspection: false, safari:automaticProfiling: false, safari:diagnose: false, setWindowRect: true, strictFileInteractability: false, webdriver.remote.sessionid: 5d6f49c84ae9ca682265481dc3b..., webkit:WebRTC: {DisableICECandidateFiltering: false, DisableInsecureMediaCapture: false}}
Session ID: 5d6f49c84ae9ca682265481dc3bdeeb6b92e2273">
      <![CDATA[org.openqa.selenium.WebDriverException: java.net.ConnectException: Connection refusedBuild info: version: '3.11.0', revision: 'e59cfb3', time: '2018-03-11T20:26:55.152Z'System info: host: 'DESKTOP-FGAD874', ip: '192.168.1.5', os.name: 'Windows 10', os.arch: 'amd64', os.version: '10.0', java.version: '15.0.2'Driver info: org.openqa.selenium.remote.RemoteWebDriverCapabilities {acceptInsecureCerts: false, browserName: Safari, browserVersion: 12.1.2, javascriptEnabled: true, platform: MAC, platformName: MAC, safari:automaticInspection: false, safari:automaticProfiling: false, safari:diagnose: false, setWindowRect: true, strictFileInteractability: false, webdriver.remote.sessionid: 5d6f49c84ae9ca682265481dc3b..., webkit:WebRTC: {DisableICECandidateFiltering: false, DisableInsecureMediaCapture: false}}Session ID: 5d6f49c84ae9ca682265481dc3bdeeb6b92e2273at org.openqa.selenium.remote.http.W3CHttpResponseCodec.createException(W3CHttpResponseCodec.java:185)at org.openqa.selenium.remote.http.W3CHttpResponseCodec.decode(W3CHttpResponseCodec.java:120)at org.openqa.selenium.remote.http.W3CHttpResponseCodec.decode(W3CHttpResponseCodec.java:49)at org.openqa.selenium.remote.HttpCommandExecutor.execute(HttpCommandExecutor.java:164)at org.openqa.selenium.remote.RemoteWebDriver.execute(RemoteWebDriver.java:586)at org.openqa.selenium.remote.RemoteWebDriver.execute(RemoteWebDriver.java:643)at org.openqa.selenium.remote.RemoteWebDriver.getCurrentUrl(RemoteWebDriver.java:320)at base.NewBaseClass.replaceurl(NewBaseClass.java:180)at base.NewBaseClass.navigateToUrl(NewBaseClass.java:69)at base.NewBaseClass.openBrowserstack(NewBaseClass.java:118)at base.NewBaseClass.openBrowser(NewBaseClass.java:154)at platformrunner.Runner.setUpBrowser(Runner.java:48)... Removed 29 stack frames]]>
    </failure>
  </testcase> <!-- @BeforeTest setUpBrowser -->
  <testcase classname="platformrunner.Runner" name="@AfterTest closeBrowser" time="0.0">
    <skipped/>
  </testcase> <!-- @AfterTest closeBrowser -->
  <testcase classname="cucumber.api.testng.AbstractTestNGCucumberTests" name="feature" time="0.0">
    <skipped/>
  </testcase> <!-- feature -->
</testsuite> <!-- SingleTestEnv3 -->
