<?xml version="1.0" encoding="UTF-8"?>
<!-- Generated by org.testng.reporters.JUnitXMLReporter -->
<testsuite ignored="0" hostname="DESKTOP-FGAD874" failures="0" tests="1" name="SingleTestEnv4" time="90.391" errors="0" timestamp="28 Jul 2021 07:20:40 GMT">
  <testcase classname="platformrunner.Runner" name="@BeforeTest setUpBrowser" time="90.351">
    <failure type="org.openqa.selenium.UnsupportedCommandException" message="Command not supported. (WARNING: The server did not provide any stacktrace information)
Command duration or timeout: 0 milliseconds
Build info: version: &amp;apos;3.11.0&amp;apos;, revision: &amp;apos;e59cfb3&amp;apos;, time: &amp;apos;2018-03-11T20:26:55.152Z&amp;apos;
System info: host: &amp;apos;DESKTOP-FGAD874&amp;apos;, ip: &amp;apos;11.11.0.40&amp;apos;, os.name: &amp;apos;Windows 10&amp;apos;, os.arch: &amp;apos;amd64&amp;apos;, os.version: &amp;apos;10.0&amp;apos;, java.version: &amp;apos;15.0.2&amp;apos;
Driver info: org.openqa.selenium.remote.RemoteWebDriver
Capabilities {64bit: false, acceptSslCert: true, acceptSslCerts: true, appActivity: com.google.android.apps.chr..., appPackage: com.android.chrome, browser: android, browserName: chrome, browserstack.appium_version: 1.17.0, browserstack.is_hub_canary: false, buildName: test, chromeOptions: {args: [--ignore-certificate-errors, --proxy-bypass-list=&amp;lt;-loopb..., test-type, --proxy-server=http://183.1..., --disable-features=TranslateUI], w3c: false}, chromedriverPort: 18087, databaseEnabled: false, detected_language: Apache-HttpClient/4.5.3 (Ja..., device: Samsung Galaxy S21, deviceApiLevel: 30, deviceManufacturer: samsung, deviceModel: SM-G991B, deviceName: RFCR205Q4RM, deviceOrientation: portrait, deviceScreenDensity: 480, deviceScreenSize: 1080x2400, deviceUDID: RFCR205Q4RM, enablePerformanceLogging: false, javascriptEnabled: true, locationContextEnabled: false, loggingPrefs: org.openqa.selenium.logging..., mobile: {browser: mobile, version: Samsung Galaxy S21-11.0}, networkConnectionEnabled: true, newCommandTimeout: 0, new_bucketing: true, orientation: PORTRAIT, orig_os: android, osVersion: 11.0, os_version: 11.0, pixelRatio: 3, platform: ANDROID, platformName: ANDROID, platformVersion: 11, realMobile: true, real_mobile: true, sessionName: must_have_test, skipServerInstallation: true, statBarHeight: 79, systemPort: 8207, takesScreenshot: true, udid: RFCR205Q4RM, version: , viewportRect: {height: 2097, left: 0, top: 79, width: 1080}, warnings: {}, webStorageEnabled: false}
Session ID: a9d6804e8b0169c1b96c73be3962929de96c2ab9">
      <![CDATA[org.openqa.selenium.UnsupportedCommandException: Command not supported. (WARNING: The server did not provide any stacktrace information)Command duration or timeout: 0 millisecondsBuild info: version: '3.11.0', revision: 'e59cfb3', time: '2018-03-11T20:26:55.152Z'System info: host: 'DESKTOP-FGAD874', ip: '11.11.0.40', os.name: 'Windows 10', os.arch: 'amd64', os.version: '10.0', java.version: '15.0.2'Driver info: org.openqa.selenium.remote.RemoteWebDriverCapabilities {64bit: false, acceptSslCert: true, acceptSslCerts: true, appActivity: com.google.android.apps.chr..., appPackage: com.android.chrome, browser: android, browserName: chrome, browserstack.appium_version: 1.17.0, browserstack.is_hub_canary: false, buildName: test, chromeOptions: {args: [--ignore-certificate-errors, --proxy-bypass-list=<-loopb..., test-type, --proxy-server=http://183.1..., --disable-features=TranslateUI], w3c: false}, chromedriverPort: 18087, databaseEnabled: false, detected_language: Apache-HttpClient/4.5.3 (Ja..., device: Samsung Galaxy S21, deviceApiLevel: 30, deviceManufacturer: samsung, deviceModel: SM-G991B, deviceName: RFCR205Q4RM, deviceOrientation: portrait, deviceScreenDensity: 480, deviceScreenSize: 1080x2400, deviceUDID: RFCR205Q4RM, enablePerformanceLogging: false, javascriptEnabled: true, locationContextEnabled: false, loggingPrefs: org.openqa.selenium.logging..., mobile: {browser: mobile, version: Samsung Galaxy S21-11.0}, networkConnectionEnabled: true, newCommandTimeout: 0, new_bucketing: true, orientation: PORTRAIT, orig_os: android, osVersion: 11.0, os_version: 11.0, pixelRatio: 3, platform: ANDROID, platformName: ANDROID, platformVersion: 11, realMobile: true, real_mobile: true, sessionName: must_have_test, skipServerInstallation: true, statBarHeight: 79, systemPort: 8207, takesScreenshot: true, udid: RFCR205Q4RM, version: , viewportRect: {height: 2097, left: 0, top: 79, width: 1080}, warnings: {}, webStorageEnabled: false}Session ID: a9d6804e8b0169c1b96c73be3962929de96c2ab9at org.openqa.selenium.remote.ErrorHandler.createThrowable(ErrorHandler.java:214)at org.openqa.selenium.remote.ErrorHandler.throwIfResponseFailed(ErrorHandler.java:166)at org.openqa.selenium.remote.http.JsonHttpResponseCodec.reconstructValue(JsonHttpResponseCodec.java:40)at org.openqa.selenium.remote.http.AbstractHttpResponseCodec.decode(AbstractHttpResponseCodec.java:82)at org.openqa.selenium.remote.http.AbstractHttpResponseCodec.decode(AbstractHttpResponseCodec.java:45)at org.openqa.selenium.remote.HttpCommandExecutor.execute(HttpCommandExecutor.java:164)at org.openqa.selenium.remote.RemoteWebDriver.execute(RemoteWebDriver.java:586)at org.openqa.selenium.remote.RemoteWebDriver.execute(RemoteWebDriver.java:643)at org.openqa.selenium.remote.RemoteWebDriver$RemoteWebDriverOptions$RemoteWindow.maximize(RemoteWebDriver.java:877)at base.NewBaseClass.replaceurl(NewBaseClass.java:228)at base.NewBaseClass.navigateToUrl(NewBaseClass.java:62)at base.NewBaseClass.openBrowserstack(NewBaseClass.java:161)at base.NewBaseClass.openBrowser(NewBaseClass.java:198)at platformrunner.Runner.setUpBrowser(Runner.java:46)... Removed 29 stack frames]]>
    </failure>
  </testcase> <!-- @BeforeTest setUpBrowser -->
  <testcase classname="platformrunner.Runner" name="@AfterTest closeBrowser" time="0.0">
    <skipped/>
  </testcase> <!-- @AfterTest closeBrowser -->
  <testcase classname="cucumber.api.testng.AbstractTestNGCucumberTests" name="feature" time="0.0">
    <skipped/>
  </testcase> <!-- feature -->
</testsuite> <!-- SingleTestEnv4 -->
